DEGJN i1 = 87  i2 = 24
1 603 1020 1 582 997 1 492 906 1 6 880 1 430 842 1264206914 73 0 0 0 276194866  BDZKI
JKMPT i1 = 83  i2 = 14
198 41 22 24 1765 -34 15877 990 142885 7458 1 260 554 1 231 525 1 212 504 1 114 404 1 44 332 1380336729 89 0 0 0 2 ffffffffffffffffffff YDFRY
ABDGK i1 = 57  i2 = 21
1 759 1074 1 675 990 1 670 984 1 657 969 1296846672 0 0 0 0 2  POLM
CDFIM i1 = 46  i2 = 15
223 1 55 57 2024 212 1 743 866 1 659 782 1 605 727 1 545 665 1 506 625 1 420 539 1 325 443 1 247 363 1 150 264 1464553039 1246839377 86 0 0 146164650 ffff ONKWQBQJV
CDFIM i1 = 57  i2 = 27
1464552960 1246839377 86 0 0 888224257  
JKMPT i1 = 45  i2 = 10
1464552960 1246839377 86 0 0 1760627714  
HIKNR i1 = 72  i2 = 10
1 410 615 1 357 562 1 351 554 1 327 529 1 295 495 1179277902 1246822482 86 0 0 1  NZJFR
ABDGK i1 = 69  i2 = 11
1 640 963 1 595 916 1 574 893 4343893 1246822482 86 0 0 1  UHB
EFHKO i1 = 29  i2 = 14
198 -13 75 1 741 864 1 685 808 1 658 780 5397064 1246822482 86 0 0 226676691 f HZR
CDFIM i1 = 52  i2 = 6
29 34 -65 -63 317 -1 2909 206 26237 1289 236189 14949 1 330 487 1 254 410 1 191 345 1 185 338 1 167 320 1 98 251 1 2 153 1 -68 81 0 6 -19 0 4 -111 0 4 -197 0 3 -262 1363886680 1464226885 1280657731 0 0 -23078607 ffffffffffffffffffff XBKQETFWCIUL
IJLOS i1 = 12  i2 = 30
1 598 874 1 576 850 1 571 844 1 541 813 1 521 791 1448365897 1464205395 1280657731 0 0 501303952  IOTVS
CDFIM i1 = 66  i2 = 13
1 509 875 1 485 851 1 433 797 1 383 745 1 310 670 1481528655 1464205388 1280657731 0 0 2080003334  OUNXL
DEGJN i1 = 95  i2 = 20
401 35 -103 -101 1 326 678 1 236 587 1 170 519 1 80 427 1 38 385 1 -7 340 1 -25 320 1330988371 5194308 1280657731 0 0 3 f SEUODBO
CDFIM i1 = 60  i2 = 21
1 -173 60 0 11 47 0 10 27 0 9 -13 0 9 -18 0 8 -103 0 6 -127 0 4 -159 1314478148 1464485717 1280657664 0 0 3  DXYNUGJW
ABDGK i1 = 26  i2 = 20
402 164 3602 92 1 213 428 1314455621 1464485717 1280657664 0 0 378810503 ffffff E
ABDGK i1 = 10  i2 = 17
290 96 80 82 1 533 616 1 457 540 1 397 479 1 313 394 1 292 372 1 279 358 1 253 332 1 251 329 1 167 244 1 99 176 1 27 104 0 9 6 0 9 -42 0 9 -90 0 7 -138 0 7 -184 0 6 -275 0 4 -374 1212565580 1330859849 1414089793 1111967314 17242 1711302438 fff LHFHIOSOALITRFGBZC
CDFIM i1 = 97  i2 = 28
786 13 -39 7050 82 63498 2675 1 753 1017 1 751 1013 1 652 913 1 650 911 1 650 909 1 612 870 1 577 833 1280066127 4475464 1414089793 1111967314 17242 1362350414 fffffffffffff OBLLHJD
FGILP i1 = 28  i2 = 20
402 174 3 3598 298 32398 1735 291598 15917 2624398 165911 23619598 2072854 212576398 50174089 1913187598 1488871889 38819214 625758682 349372942 1072613919 -1150610802 -1075875820 -1765562610 830491483 1289805710 486484130 -1276650482 359331578 1395047566 72169364 -329473778 422446090 1329703310 831352085 1 17 561 1 -9 534 1 -23 518 1 -81 458 1 -81 458 1 -175 363 1 -253 284 1 -343 192 1 -394 141 0 -488 47 0 5 34 1396851285 1163478873 4344400 1111967314 17242 -928138513 ffffffffffffffffffff UBBSYGYEPJB
ABDGK i1 = 13  i2 = 20
403 4 -31 -29 3600 208 32400 1087 291600 17730 2624400 179186 23619600 2070742 212576400 50854575 1913187600 1583212918 38819216 643560802 349372944 -1886221202 -1150610800 -250280552 -1765562608 796281486 1289805712 485113398 -1276650480 -935576671 1395047568 -1812475969 -329473776 1135852979 1329703312 844312617 -917572080 192280 1 -62 494 1 -119 436 1 -177 377 1 -194 359 1 -257 295 1146376270 1163460687 4344400 1111967314 17242 1119196379 ffffffffffffffffffff NPTDO
HIKNR i1 = 32  i2 = 21
442 188 -46 3968 427 1 336 481 1 285 430 1 248 391 4542026 1163460687 4344400 1111967314 17242 858442916 ffffffff JNE
IJLOS i1 = 26  i2 = 17
287 176 89 1 37 140 1 -44 60 0 10 -10 0 -22 -88 0 9 -164 0 8 -222 0 7 -250 0 5 -270 0 5 -314 0 5 -405 0 4 -495 0 3 -501 1196442201 1515536970 1431388501 1111967232 17242 889010108 fff YBPGJBUZUAQU
ABDGK i1 = 94  i2 = 14
196 52 70 72 1764 -29 15876 990 1 438 615 1 365 538 1 357 526 1 342 507 1 305 470 1 263 426 1 239 400 1180260949 4543830 1431388501 1111967232 17242 -537960061 fffffff UZYFVUE
HIKNR i1 = 37  i2 = 11
121 4 -54 1089 62 9801 549 88209 4886 1 893 1023 1 827 953 1 821 947 1 774 896 1 749 869 1179406411 4522058 1431388501 1111967232 17242 -1415875318 ffffffffffffffffffff KPLFJ
BCEHL i1 = 66  i2 = 6
1 489 839 1 458 806 1 439 783 1 369 709 1 329 669 1 232 570 1296257605 21061 1431388501 1111967232 17242 -812388961  ERCMER
ABDGK i1 = 31  i2 = 20
400 76 67 69 3601 102 1 506 595 1 422 507 1 365 446 1 284 361 1 263 336 1397048139 89 1431388501 1111967232 17242 -1934405443 ffffff KCESY
EFHKO i1 = 36  i2 = 16
1 745 976 1 729 956 1 678 901 1 619 842 1 522 745 1 514 737 1 423 646 1 408 631 1 321 540 1397245006 1414873429 1431371849 1111967232 17242 1762167232  NDHSUAUTI
GHJMQ i1 = 25  i2 = 1
1 22 120 9 29 81 25 729 -11 6561 22 59049 2636 531441 28364 4782969 306689 43046721 4093773 1 -278 156 1 -332 102 1 -345 89 0 14 7 0 12 -28 0 11 -44 0 10 -67 0 10 -99 0 9 -115 0 9 -214 0 8 -291 0 8 -378 0 7 -445 0 6 -457 0 6 -487 0 5 -564 1196119621 1263552834 1414813254 1430736973 17152 -1069682290 ffffffffffffffffffff EVKGBIPKFVTTMPGU
IJLOS i1 = 40  i2 = 27
731 204 15 6562 265 59050 3585 1 363 558 1 340 531 1191200083 1263552834 1414813254 1430736973 17152 -1890567151 fffffffffffffffffff SE
DEGJN i1 = 9  i2 = 11
1 711 785 1 643 715 1 596 664 5325905 1263552834 1414813254 1430736973 17152 58584956  QDQ
IJLOS i1 = 89  i2 = 28
784 5 103 1 499 631 1 424 552 1 359 485 1 319 443 1129862738 1263552768 1414813254 1430736973 17152 419189481 f RVXC
EFHKO i1 = 96  i2 = 17
1 485 811 1 393 717 1 339 661 1 296 614 1482115659 1263552768 1414813254 1430736973 17152 -1721512718  KJWX
DEGJN i1 = 13  i2 = 12
146 34 -125 -123 -121 1298 38 11666 342 104978 5974 1 61 157 1 13 105 0 9 6 0 9 -9 0 8 -100 0 6 -139 0 4 -212 1465275717 5196113 1414813254 1430736973 17152 932676601 ffffffffffffffffffff EUVWQIO
BCEHL i1 = 71  i2 = 2
6 65 103 1 203 398 1 205 396 1 138 329 1 108 295 1 33 220 1 23 206 1464619347 16980 1414813254 1430736973 17152 395562981 f SQLWTB
ABDGK i1 = 57  i2 = 30
1464619264 16980 1414813254 1430736973 17152 -1328252415  
EFHKO i1 = 27  i2 = 10
1 830 1061 1 737 968 1 729 958 1 665 894 1 572 797 1363821654 88 1414813254 1430736973 17152 1506629305  VDJQX
IJLOS i1 = 50  i2 = 14
198 8 106 108 1766 194 15878 504 142886 7982 1285958 74880 11573606 871114 1 114 398 1 116 396 1 53 331 1 -6 272 1 -50 228 1 -101 177 1 -120 158 1 -123 153 1 -198 78 0 8 10 0 6 6 0 4 -70 1246450761 1145198151 1229803094 1430736896 17152 -1249991958 ffffffffffffffffffff ITKJGVBDVNMI
HIKNR i1 = 88  i2 = 18
324 34 -35 2916 218 1 368 520 1 294 446 1 209 361 1 179 331 1 82 232 1 59 207 1 18 166 1 -61 84 1146244677 1212237649 1229803008 1430736896 17152 1008043946 ffff ENRDQGAH
ABDGK i1 = 9  i2 = 8
1 707 1027 1 702 1022 1 611 931 1 590 910 1 519 839 1 425 743 1 337 655 1 267 586 1 259 574 1 228 539 1 151 458 1 54 357 1481982543 1180260176 1280465489 1430736896 17152 -1029041544  OBUXPWYFQZRL
CDFIM i1 = 31  i2 = 30
901 34 93 1 37 112 0 6 23 0 5 -20 0 5 -59 0 5 -112 0 5 -116 0 3 -137 1229148739 5391176 1280465489 1430736896 17152 -1045763185 fff CRCIHCR
JKMPT i1 = 51  i2 = 8
1 384 654 1 326 592 1224756808 5391176 1280465489 1430736896 17152 -1878727551  HN
JKMPT i1 = 4  i2 = 12
146 84 52 54 1296 214 11664 516 104976 5034 944784 59850 8503056 622023 76527504 9092505 688747536 266372811 1903760528 782513679 -46024432 994243174 1 633 842 1 628 833 1 565 768 1 485 688 1 433 632 1263096389 5374034 1280465489 1430736896 17152 -811645640 ffffffffffffffffffff ERIKR
EFHKO i1 = 18  i2 = 28
1 260 523 1263075393 5374034 1280465489 1430736896 17152 -1275849388  A
FGILP i1 = 96  i2 = 6
1 136 593 1263075417 5374034 1280465489 1430736896 17152 1260521026  Y
BCEHL i1 = 41  i2 = 3
10 32 -94 1 873 955 1 824 904 1 792 870 1 694 770 1 627 701 1 587 657 1397967695 17486 1280465489 1430736896 17152 -303192633 f OKSSND
IJLOS i1 = 91  i2 = 24
577 19 1 831 974 1 787 926 1392528710 17486 1280465489 1430736896 17152 1477819312 f FM
FGILP i1 = 41  i2 = 17
289 -10 -87 -85 -83 -81 2601 138 23409 1309 210681 10047 1896129 112562 1 339 464 1 325 446 1 282 401 1 216 333 1 160 275 1 110 225 1 35 148 1 -16 93 1111707975 1447645521 1280465408 1430736896 17152 1145605302 ffffffffffffffffffff GQCBQQIV
HIKNR i1 = 42  i2 = 7
1111707904 1447645521 1280465408 1430736896 17152 1871029505  
BCEHL i1 = 84  i2 = 30
1 633 1099 1111687258 1447645521 1280465408 1430736896 17152 -2018241255  Z
EFHKO i1 = 74  i2 = 4
19 62 100 102 145 49 1297 -19 11665 936 104977 6322 1 295 664 1 206 571 1 123 486 1 105 466 1 77 438 1 60 417 1280330312 1442860621 1280465408 1430736896 17152 1116609569 ffffffffffffffffffff HJPLMN
IJLOS i1 = 88  i2 = 29
841 1 -124 7569 204 68121 2850 613089 33062 5517801 355568 49660209 4820663 446941881 133331504 -272490367 1793508132 1842553993 1121318424 1 473 673 1 420 620 1 373 571 1 359 553 1 302 492 1364280399 1442840661 1280465408 1430736896 17152 -1193562246 ffffffffffffffffffff ODQQU
HIKNR i1 = 33  i2 = 12
1 -66 16 0 6 -46 0 4 -73 5917777 1442840661 1280465408 1430736896 17152 142026649  QLZ
DEGJN i1 = 16  i2 = 25
626 93 51 53 5625 399 50625 2284 455625 27500 4100625 261311 36905625 3458930 332150625 88746694 1 463 590 1 379 502 1 287 410 1 218 341 1 153 274 1 121 240 1 74 193 1 74 193 1 45 164 1 37 156 1 -36 79 1514946882 1263357766 5067589 1430736896 17152 1276469990 ffffffffffffffffffff BALZFOMKESM
ABDGK i1 = 27  i2 = 15
1 435 823 1 383 769 1 297 683 1 264 648 1 231 613 1297696835 1263337559 5067589 1430736896 17152 -1733184568  CHYMW
EFHKO i1 = 97  i2 = 16
257 49 72 2304 -46 20736 814 1 206 353 1 120 263 1291862359 1263337559 5067589 1430736896 17152 -261209391 fffffff WA
DEGJN i1 = 25  i2 = 29
841 16 123 125 7572 447 68124 3578 613092 37300 5517804 389728 49660212 5008394 1 378 678 1 284 584 1 232 528 1 159 451 1 110 398 1 99 387 1 20 304 1464156743 5265734 5067589 1430736896 17152 -274795526 ffffffffffffffffffff GBEWFYP
HIKNR i1 = 36  i2 = 20
1 -26 167 0 6 126 0 5 68 0 3 -15 1179933268 5265664 5067589 1430736896 17152 2123828881  TZTF
IJLOS i1 = 97  i2 = 15
226 52 27 2026 -38 1 419 575 1 329 485 1 280 436 1 192 344 1 165 313 1 145 289 1246252886 22350 5067589 1430736896 17152 740415066 ff VOHJNW
FGILP i1 = 40  i2 = 17
289 -11 5 7 2603 168 23411 1361 1 632 813 1 612 791 1 609 784 1 583 754 1 556 727 1 494 663 1 413 578 1 392 553 1329677893 1497780563 5067520 1430736896 17152 873593710 fffffffffff EFAOSQFY
FGILP i1 = 54  i2 = 3
1 449 841 1 381 773 1 310 698 1 258 642 1 177 561 1 81 464 1 2 383 1 -51 326 1380205655 1263158604 5067520 1430736896 17152 -308700662  WDDRLEJK
EFHKO i1 = 60  i2 = 24
1 220 287 1 163 228 1 81 142 4479318 1263158604 5067520 1430736896 17152 107503632  VYD
ABDGK i1 = 72  i2 = 21
1 707 947 1 697 933 19525 1263158604 5067520 1430736896 17152 1230075  EL
IJLOS i1 = 26  i2 = 9
81 -1 -121 730 134 6562 585 59050 3366 531442 31192 4782970 310042 43046722 4286963 387420490 113044875 -808182894 1809322179 1316288538 102508309 -1038305054 652086911 -754810902 -2059384444 1796636466 1351561192 -1010140998 60031778 1 598 927 1 533 858 1 501 826 1 496 821 1 440 763 1 379 702 1 310 633 1 272 595 1 256 575 1 164 483 1 111 428 1 70 383 1 50 361 1465534796 1447841365 1094996300 1430716481 17152 -1468604263 ffffffffffffffffffff LIZWUNLVLQDAA
ABDGK i1 = 41  i2 = 6
39 23 -125 327 1 2919 74 26247 1009 236199 13773 1 348 672 1 264 586 1 184 506 1 184 502 1 163 479 1 107 421 1 16 328 1 -70 242 1 -119 193 1 -175 137 1 -222 88 0 6 6 0 5 -32 1498896209 1497448782 1128743765 1430716494 17152 2051924471 ffffffffffffffffffff QWWYNAAYUCGCN
FGILP i1 = 15  i2 = 24
1 751 1056 1 668 971 1 646 945 4806224 1497448782 1128743765 1430716494 17152 230698752  PVI
ABDGK i1 = 93  i2 = 5
1 143 275 1 75 205 1 -15 115 1 -62 68 0 7 -15 0 7 -21 0 6 -96 0 4 -164 0 2 -200 1481002838 1213746754 1128726606 1430716494 17152 -1184920402  VOFXBNXHN
JKMPT i1 = 98  i2 = 30
900 8 62 64 8101 272 1 -20 344 1 -55 307 1 -92 270 1 -157 201 1 -189 165 1128682073 1213726798 1128726606 1430716494 17152 -595554918 ffff YRFCN
EFHKO i1 = 51  i2 = 9
1 479 864 1128661061 1213726798 1128726606 1430716494 17152 409077576  E
HIKNR i1 = 62  i2 = 30
903 -28 -86 8101 628 72901 4197 656101 38312 1 375 725 1 306 656 1 255 603 1 173 521 1 97 443 1 9 351 1 -51 291 1 -96 242 1162762061 1296845892 1128726528 1430716494 17152 -1730017614 ffffffffffffffffffff MWNEDLLM
JKMPT i1 = 100  i2 = 4
18 88 27 144 70 1296 2 11664 300 104976 5503 1 77 552 1 39 514 1 1 474 1 -72 397 1 -98 371 1 -126 343 1 -205 264 1 -248 219 1 -258 207 1 -313 148 1 -345 112 0 -441 17 0 7 -15 0 6 -92 0 4 -154 1380991316 1448757585 1380991810 5329730 17152 -1708646192 fffffffffffffffff TAPRQIZVBCPRBSQ
EFHKO i1 = 97  i2 = 1
1 94 -69 -67 12 95 84 92 1 64 457 1 48 437 1 15 400 1 -26 355 1 -79 302 1 -92 289 1 -141 236 1 -240 137 1 -319 54 1178753098 1112627009 1380974681 5329730 17152 989720427 fff JXBFAWQBY
EFHKO i1 = 70  i2 = 13
169 31 -22 1522 -32 1 628 782 1 571 725 1 561 715 1 539 691 1 514 664 1 491 637 1 486 630 1 440 582 1 356 498 1 318 456 1 245 383 1 155 293 1 89 227 1 85 223 1 -3 131 1463900497 1397707086 1162892369 4347212 17152 -522333690 ff QYAWNQOSQTPELUB
DEGJN i1 = 56  i2 = 15
225 11 92 94 2025 118 18225 693 164025 7735 1476225 86344 13286025 985962 119574225 15102114 1076168025 745238131 1095577633 1505781992 1270264105 597296713 -1452524943 -81978829 -187822599 -1204179255 -1690403391 -762937732 1966238665 50517596 516278801 -1968980794 351541913 769599213 -1131090079 38303 -1589876119 349934 1 -68 630 1 -121 573 1 -139 553 1 -183 509 1 -212 480 1 -281 409 1296976724 1392530517 1162892369 4347212 17152 -1136353051 ffffffffffffffffffff TKNMUT
CDFIM i1 = 9  i2 = 16
1 261 310 1 215 262 1 215 262 1 210 253 1 133 172 1 60 95 1 56 91 1 31 64 1279412554 1128877377 1162892288 4347212 17152 -2008471231  JIBLAMIC
GHJMQ i1 = 47  i2 = 22
485 -19 -127 1 59 169 1 -9 99 1 -59 48 0 4 -10 0 3 -73 1430799437 1128857665 1162892288 4347212 17152 -56517669 f MDHUA
DEGJN i1 = 46  i2 = 23
531 -23 5 1 324 528 1 296 496 1426083409 1128857665 1162892288 4347212 17152 -1153477760 f QN
HIKNR i1 = 27  i2 = 9
1426083328 1128857665 1162892288 4347212 17152 -50151935  
EFHKO i1 = 26  i2 = 20
401 164 3601 92 1 735 922 1 726 911 1 644 827 1 634 813 1280527432 1128857600 1162892288 4347212 17152 -4921375 ffffff HLSL
ABDGK i1 = 51  i2 = 29
1 -41 182 1 -83 140 1 -105 114 1 -113 103 0 10 49 0 8 29 0 8 23 0 8 18 0 6 5 0 5 -82 1497714010 1146506305 1157646919 4347212 17152 1452099991  ZMEYALVDGJ
JKMPT i1 = 90  i2 = 28
1 140 401 1 130 389 1 119 378 1 94 351 1 62 319 1 1 257 1 -40 216 1 -48 204 0 5 109 0 4 50 0 4 35 0 3 -64 1497649497 1430931543 1381057606 4347136 17152 -1015487043  YQDYWHJUFDQR
EFHKO i1 = 36  i2 = 12
1 564 696 1 540 670 1 479 605 5325636 1430931543 1381057606 4347136 17152 127815265  DCQ
GHJMQ i1 = 86  i2 = 5
25 71 -10 -8 -6 226 49 2026 -40 18226 643 164026 9655 1 244 547 1 161 462 1 100 401 1 78 375 1 22 319 1 -25 272 1 -68 227 1 -123 168 1 -173 116 0 10 16 0 10 -30 0 10 -80 0 8 -150 0 8 -226 0 6 -291 0 5 -361 0 4 -442 1430602071 1363758930 1364414546 1414545999 80 1734490067 ffffffffffffffffffff WAEUROIQRPSQOBPTP
CDFIM i1 = 21  i2 = 7
1 402 481 1 352 431 1 259 336 1 255 332 1 188 265 1 97 170 1482116943 1358975310 1364414546 1414545999 80 -725199277  OOWXNQ
ABDGK i1 = 29  i2 = 10
102 -1 902 192 1 752 906 1 675 829 1 623 773 1 526 674 1145849687 1358975232 1364414546 1414545999 80 94513453 ffff WGLD
HIKNR i1 = 12  i2 = 24
1 454 716 1 429 689 1 354 612 1 276 534 1 250 508 1 247 503 1 189 444 1414681935 4937810 1364414546 1414545999 80 -407371927  OURTRXK
HIKNR i1 = 77  i2 = 30
903 -13 8103 652 72903 4549 656103 38739 5904903 379502 53144103 5273740 478296903 152503579 9704807 -2139319104 87343239 -1750962856 786089127 -499502582 -1515132473 -1039520984 -751290393 44588444 1828321031 1102819791 -724979929 526134393 2065115207 842025968 1406167655 207091116 1 -383 286 1 -396 271 1 -450 213 4609625 4937810 1364414546 1414545999 80 -1214491702 ffffffffffffffffffff YVF
EFHKO i1 = 58  i2 = 18
325 4 -89 2916 58 26244 1541 236196 13707 1 -12 208 1 -78 138 1 -127 89 0 5 28 0 5 -14 0 4 -25 1111642455 21830 1364414546 1414545999 80 -1150909699 ffffffffffffffffffff WQBBFU
DEGJN i1 = 18  i2 = 25
1 0 288 0 11 221 0 11 212 0 9 180 0 9 164 0 9 90 0 7 -6 0 6 -24 0 5 -77 1179339080 1162363205 1364394071 1414545999 80 -1743882215  HIKFEAHEW
EFHKO i1 = 6  i2 = 13
1 892 910 1 832 848 1174424657 1162363205 1364394071 1414545999 80 470270011  QL
IJLOS i1 = 28  i2 = 30
902 132 56 1 -54 100 1 -56 98 0 9 44 0 8 -18 0 7 -71 0 5 -130 1313686861 1157644625 1364394071 1414545999 80 -1786833097 fff MEMNQA
IJLOS i1 = 38  i2 = 8
65 14 7 9 579 -20 1 310 537 1 273 496 1 231 454 1 231 450 1 177 396 1 131 350 1 37 256 1 -5 214 1 -99 116 1230395213 1264206152 1364394056 1414545999 80 -522606343 ff MWVIHAZKH
DEGJN i1 = 26  i2 = 2
4 20 -4 36 10 324 -17 2916 176 26244 1333 236196 11925 1 667 819 1 632 782 1 603 751 1 580 724 1 508 650 1 424 564 1 387 523 1 335 471 1 261 393 1380469063 1498629185 1364394058 1414545999 80 -1615767969 ffffffffffffffffffff GIHRADSYJ
HIKNR i1 = 67  i2 = 4
19 55 43 45 1 -213 89 1 -212 88 0 9 13 0 8 -81 0 8 -159 0 8 -190 0 7 -202 0 6 -280 0 5 -371 1112690261 1280397900 1364394051 1414545999 80 1402143733 f UNRBLRQLC
GHJMQ i1 = 80  i2 = 17
290 29 2602 348 1 408 642 1 381 611 1107313488 1280397900 1364394051 1414545999 80 -464489055 ffff PC
BCEHL i1 = 85  i2 = 30
902 -5 112 114 8101 82 72901 4671 656101 36147 1 637 900 1 576 837 1 507 764 1 470 725 1 455 706 1 417 664 1 392 635 1414087240 4543320 1364394051 1414545999 80 516312800 ffffffffffffffffffff HBITXSE
ABDGK i1 = 95  i2 = 23
531 26 4763 142 1 -125 156 1 -217 65 0 4 3 4277073 4543320 1364394051 1414545999 80 1770708223 ffff QCA
FGILP i1 = 23  i2 = 15
226 62 43 1 -3 73 0 11 23 0 10 -16 0 8 -23 0 6 -36 0 5 -120 0 4 -179 0 2 -272 1447774288 1230260802 1364393984 1414545999 80 725333520 fff PHKVBJTI
CDFIM i1 = 89  i2 = 11
122 56 -57 1089 -10 9801 -10 88209 4413 1 635 992 1 606 963 1 556 909 1 546 899 1 520 871 1 522 869 1 448 795 1 419 762 1 342 681 1197035344 1179078487 1364394072 1414545999 80 -75161007 ffffffffffffffff POYGWOGFX
BCEHL i1 = 13  i2 = 8
65 52 -16 577 116 1 705 778 1 641 710 1 603 672 1 586 653 1 579 644 1 574 635 1515673411 1174423121 1364394072 1414545999 80 1754303193 ffffff CWWZQF
HIKNR i1 = 29  i2 = 3
9 20 -115 81 19 1 283 439 1 203 357 1 104 258 1 17 167 1 10 160 1 -3 143 1 -77 68 1212829260 4675911 1364394072 1414545999 80 1068270601 ff LNJHGYG
JKMPT i1 = 57  i2 = 30
1 -15 60 0 7 -38 0 7 -110 0 7 -113 0 5 -192 0 4 -262 0 4 -290 0 4 -362 0 4 -456 0 3 -506 1145983305 1146181719 1358972238 1414545999 80 19760783  IQNDWXQDNE
CDFIM i1 = 36  i2 = 17
1 701 961 1 656 916 1 589 849 1 498 754 1095258178 1146181632 1358972238 1414545999 80 1439519842  BPHA
EFHKO i1 = 8  i2 = 22
486 65 1 326 415 1 261 346 1 208 291 1 136 219 1 92 171 1 51 128 1 -37 38 0 4 -27 1146179907 1213682255 1358972160 1414545999 80 -689645102 fff CQQDORWH
GHJMQ i1 = 66  i2 = 7
1 731 929 1 642 836 1 611 805 1 522 714 1448761942 1213682176 1358972160 1414545999 80 -1192169291  VZZV
JKMPT i1 = 92  i2 = 3
10 83 104 106 82 80 730 40 6562 458 1 74 394 1 -1 315 1 -19 297 1 -79 233 1 -172 140 1 -205 103 1 -253 52 0 5 -1 0 4 -41 1128416597 1212635716 1358954566 1414545999 80 -1345347745 ffffff UEBCDZGHF
EFHKO i1 = 31  i2 = 9
81 4 29 730 70 6562 693 59050 3366 531442 28400 4782970 318162 1 -65 82 0 7 57 0 7 -4 0 7 -99 0 6 -176 0 6 -231 0 6 -297 0 4 -378 0 4 -402 0 2 -420 1314214743 1448167765 1358975564 1414545999 80 -1731401545 ffffffffffffffffffff WSUNUIQVLR
IJLOS i1 = 17  i2 = 18
324 26 -12 -10 1 431 528 1 366 461 1 290 383 5133394 1448167765 1358975564 1414545999 80 554406553 fff RTN
DEGJN i1 = 31  i2 = 20
400 76 -77 3600 418 1 72 196 1 2 126 1 -14 106 1 -38 82 1 -56 60 0 4 12 1481722179 1442861399 1358975564 1414545999 80 844039737 ffffffff CIQXWQ
DEGJN i1 = 26  i2 = 1
4 23 12 35 84 25 732 -22 1 -187 56 0 5 3 1476415559 1442861399 1358975564 1414545999 80 -2008272026 ffff GP
GHJMQ i1 = 44  i2 = 19
363 -13 72 1 219 344 1476395088 1442861399 1358975564 1414545999 80 805315489 f P
EFHKO i1 = 13  i2 = 28
784 169 74 7058 354 63506 3357 571538 34755 5143826 351542 1 388 600 1 369 579 1 300 508 1 293 501 1 204 412 1 112 318 1 60 264 1 54 254 1 31 231 1 30 230 1 -32 168 1 -56 140 1 -125 71 1 -134 60 1313098049 1447183952 1195459671 1409303119 80 -1933518147 ffffffffffffffffffff AIDNPFBVWDAGOB
ABDGK i1 = 48  i2 = 4
1 -104 60 0 8 -36 0 8 -88 0 8 -118 0 7 -184 0 7 -187 0 5 -285 1497583194 4671317 1195459671 1409303119 80 791129145  ZNCYUGG
JKMPT i1 = 100  i2 = 9
82 73 -91 1 46 191 1 -31 114 1 -38 105 0 11 9 0 9 7 0 9 -33 0 8 -64 0 7 -111 0 5 -164 0 4 -206 0 4 -296 0 4 -368 0 3 -466 1212766293 1128743770 1229144395 1409286218 80 -1615048456 f UXIHZCGCKACIJ
ABDGK i1 = 77  i2 = 13
171 38 -68 -66 -64 -62 -60 1522 -31 13690 819 1 164 475 1 76 387 1 7 316 1 -25 284 1 -105 200 1 -174 127 1 -220 79 0 6 -14 0 6 -17 0 5 -114 1163216723 1146176847 1224754763 1409286218 80 801529960 fffffff SGUEOEQDKF
DEGJN i1 = 58  i2 = 6
36 40 324 4 2916 246 26244 1645 236196 13941 2125764 124215 1 617 776 1 537 692 1 501 654 1 428 577 1347180886 1146176768 1224754763 1409286218 80 -125934747 ffffffffffffffffffff VYLP
IJLOS i1 = 12  i2 = 16
1 105 426 1 100 421 1 74 391 1 55 372 1 -10 303 1 -9 300 1096175181 1140872790 1224754763 1409286218 80 1076801136  MNVAVV
HIKNR i1 = 76  i2 = 7
51 55 -97 441 31 3969 420 1 62 427 1 34 397 1090539862 1140872790 1224754763 1409286218 80 -139188869 fffff VQ
BCEHL i1 = 9  i2 = 20
1 425 570 1 336 479 1 304 447 1 299 438 1312900681 1140872704 1224754763 1409286218 80 488209844  IFAN
HIKNR i1 = 37  i2 = 27
730 70 -2 1 91 295 1 55 255 1 40 236 1 24 220 1 10 204 1 -43 151 1 -99 95 1 -113 78 0 6 1 0 4 -27 1380406342 1113214298 1224759382 1409286218 80 431292018 fff FTGRZMZBVX
HIKNR i1 = 94  i2 = 12
144 58 80 1296 -7 11664 74 1 455 641 1 432 618 1 355 541 1 330 514 1 267 449 1 195 377 1 169 349 1 106 284 1 93 267 1363299412 1431984707 1224736854 1409286218 80 -672622000 fffff TLBQCZZUV
EFHKO i1 = 10  i2 = 8
65 132 -13 579 66 5187 504 46659 2887 1 368 527 1 285 444 1 244 399 5395787 1431984707 1224736854 1409286218 80 1899475337 ffffffffffffffffffff KUR
GHJMQ i1 = 67  i2 = 2
5 61 -9 1 413 535 1 363 483 1 332 452 1 245 365 1 175 295 1 109 225 1 18 134 1 -74 41 1178752840 1514226244 1224736768 1409286218 80 -1517417551 f HWBFDBAZ
ABDGK i1 = 34  i2 = 28
785 171 42 44 7056 606 63504 3513 1 227 320 1 201 290 1 158 243 1 109 192 1 92 171 1 12 91 1 5 80 1514688845 4278869 1224736768 1409286218 80 -1651501212 fffffffffffffffffff MQHZUJA
JKMPT i1 = 4  i2 = 21
442 48 101 103 3969 30 1 586 640 1 521 571 1 453 501 1 365 411 1 345 389 1 316 358 1 242 280 1 163 199 1 140 172 1 139 167 1497712217 1346521674 1224757837 1409286218 80 -400232523 ffffffffff YFEYJJBPMR
GHJMQ i1 = 73  i2 = 18
324 19 2916 276 26244 1801 236196 13429 2125764 120524 1 503 867 1 496 858 1 424 782 5653078 1346521674 1224757837 1409286218 80 1165245485 ffffffffffffffffffff VBV
FGILP i1 = 76  i2 = 1
1 73 58 1 657 854 1 618 811 1 580 773 1 558 747 1497449803 1346521600 1224757837 1409286218 80 394764227 f KEAY
CDFIM i1 = 78  i2 = 29
1 716 918 1 630 832 1 623 821 5720900 1346521600 1224757837 1409286218 80 331812200  DKW
FGILP i1 = 46  i2 = 30
901 222 -18 8101 340 1 344 514 1 270 436 1 271 433 1 177 337 1 91 251 1 36 192 1 -19 133 1263686734 4870479 1224757837 1409286218 80 -508963703 ffffffff NTRKOQJ
CDFIM i1 = 50  i2 = 11
121 17 -62 1090 -32 1 113 224 1 73 184 1 -20 91 0 3 1 1129595208 4870400 1224757837 1409286218 80 160775897 ff HATC
BCEHL i1 = 84  i2 = 22
1 99 477 1 70 446 1 61 435 1 2 376 1 -62 312 1 -62 312 0 6 263 0 4 189 0 4 121 0 3 111 1482249298 1347374914 1224753994 1409286218 80 -1750253811  RTYXBOOPJC
GHJMQ i1 = 67  i2 = 9
82 40 -76 1 601 742 1 544 685 1 539 680 1 470 611 1 412 551 1 324 459 1 275 406 1 215 342 1 189 312 1 123 242 1212763736 1431389782 1224754772 1409286218 80 -1615117496 f XNIHVFQUTF
BCEHL i1 = 22  i2 = 16
256 159 2304 50 20736 1051 186624 11097 1679616 104348 15116544 1192185 1 567 838 1 553 820 1 460 723 1 454 715 1 443 700 1 368 621 1364415827 1426081101 1224754772 1409286218 80 782156049 ffffffffffffffffffff SUSQME
HIKNR i1 = 39  i2 = 21
1 743 902 1 663 820 1 573 728 1 567 720 1 514 665 1431980107 1426063439 1224754772 1409286218 80 13622351  KHZUO
JKMPT i1 = 4  i2 = 14
198 78 33 35 1766 172 15878 639 1 160 310 1 75 221 1 -2 142 1 -39 105 1 -81 59 0 10 -1 0 8 -92 0 7 -111 0 6 -191 0 4 -222 1431919187 1498305610 1224753474 1409286218 80 298720170 fffffffffffffffff SZYUJTNYBA
ABDGK i1 = 47  i2 = 14
197 5 90 92 1 165 357 1 119 307 1 28 216 1 21 205 1 -19 161 1 -111 67 1 -152 24 0 5 -23 1113082192 1212696135 1224753408 1409286218 80 -1485564575 f PIXBGFHH
JKMPT i1 = 16  i2 = 20
400 114 114 3601 12 1 830 932 1 740 842 1 727 825 1 656 752 1 600 694 1 598 688 1 576 666 1 477 567 1 406 496 1 391 481 1 336 426 1 298 388 1 216 304 1 148 234 1 99 185 1 78 162 1 -14 67 1380668250 1146703686 1348094039 1179666761 84 -587818168 ffffff ZSKRFOYDWHZPIIPFT
DEGJN i1 = 67  i2 = 17
289 16 2601 258 1 186 406 1 120 338 1 36 250 1 -53 157 1196246859 1146703616 1348094039 1179666761 84 979318695 ffff KGMG
EFHKO i1 = 79  i2 = 28
785 -5 56 58 7058 266 1 -186 95 0 13 11 0 13 -80 0 11 -89 0 10 -120 0 8 -126 0 7 -185 0 7 -276 0 7 -352 0 7 -405 0 5 -463 0 3 -553 1465536853 1296192336 1145983319 1179666688 84 -103801000 ffff UQZWPSBMWQND
IJLOS i1 = 57  i2 = 9
1 45 340 1 -37 258 1 -64 229 1 -90 202 1 -169 121 0 10 45 0 10 36 0 8 10 0 7 -38 0 6 -135 0 6 -145 0 5 -221 1465470019 1246184268 1145260372 1179666688 84 912984850  CLYWLCGJTICD
HIKNR i1 = 30  i2 = 15
1 8 184 1 -16 160 0 4 113 0 3 20 1447316813 1246184192 1145260372 1179666688 84 234915716  MMDV
BCEHL i1 = 4  i2 = 22
487 45 -117 -115 4358 175 39206 2393 1 777 919 1 681 823 1 610 750 1 593 731 1 552 686 1 538 668 1 471 601 1 444 572 1 423 547 1 391 511 1 352 472 1 319 437 1380077633 1448560450 1346852442 1179666688 84 -1717918601 ffffffffffffffffffff APBRBGWVZVGP
FGILP i1 = 1  i2 = 25
627 295 -69 5628 127 1 99 239 1 81 217 1 -14 122 1 -34 101 1162238276 1448560384 1346852442 1179666688 84 -1468178867 ffffffffffffffff DYFE
HIKNR i1 = 47  i2 = 12
144 11 -57 1 382 484 1 299 397 1 252 346 1 174 264 1112100417 1448560384 1346852442 1179666688 84 1380909348 f ANIB
DEGJN i1 = 8  i2 = 9
84 116 1 482 576 1112080452 1448560384 1346852442 1179666688 84 -115796603 fff D
ABDGK i1 = 9  i2 = 25
1 733 821 1 680 764 1107314766 1448560384 1346852442 1179666688 84 1444228826  NH
HIKNR i1 = 13  i2 = 27
730 175 -35 6561 423 1 930 1025 1 848 939 1 848 939 1 790 877 1 774 857 1 757 836 1 663 738 1196311126 4344138 1346852442 1179666688 84 -1354172509 ffffffffff VBNGJIB
JKMPT i1 = 18  i2 = 9
1196311040 4344138 1346852442 1179666688 84 -2118102527  
JKMPT i1 = 15  i2 = 23
1 487 822 1 471 802 1 428 759 1 374 703 1 349 674 1 313 638 1 288 609 1514751821 4410714 1346852442 1179666688 84 1438660546  MGIZZMC
EFHKO i1 = 5  i2 = 20
400 261 25 27 3602 -48 32402 1015 1 209 316 1 139 244 1 40 145 1 -48 58 1 -61 43 1 -60 40 0 6 10 0 6 -55 0 6 -92 0 5 -101 1397048900 1161908822 1342197073 1179666688 84 -228546991 ffffffffffffffffffff DFESVRAEQM
GHJMQ i1 = 16  i2 = 4
17 4 1 381 446 1397030991 1161908822 1342197073 1179666688 84 -830994583 f O
CDFIM i1 = 23  i2 = 26
677 20 6085 112 1 163 220 1 103 156 1392529993 1161908822 1342197073 1179666688 84 -565496133 ffffffff IR
FGILP i1 = 30  i2 = 1
1 513 893 1 414 794 1 334 712 5853763 1161908822 1342197073 1179666688 84 17561290  CRY
DEGJN i1 = 82  i2 = 24
577 10 6 5187 130 1 -66 300 1 -120 242 1 -177 181 1 -222 134 1 -295 62 0 6 23 0 4 12 1314279497 5456214 1342197073 1179666688 84 1249589448 ffff IPVNVAS
IJLOS i1 = 70  i2 = 15
226 25 104 2026 302 18226 693 164026 7735 1476226 84787 13286026 993543 119574226 15102114 1076168026 740717134 1095577634 1420264340 1270264106 -232601402 -1452524942 1583413378 -187822598 -614393987 -1690403390 1559459734 1966238666 48855473 516278802 2071179026 351541914 766246149 -1131090078 35664 1 405 631 1 341 563 1 316 534 1 279 497 1 213 427 1262568519 5439568 1342197073 1179666688 84 -1286575045 ffffffffffffffffffff GDAKP
DEGJN i1 = 32  i2 = 30
900 152 12 1 228 298 1 211 281 1 194 264 1 178 246 1 173 241 1 128 192 1 96 160 1 36 98 1129464401 1245790790 1342196992 1179666688 84 -1427419013 fff QBRCFBAJ
CDFIM i1 = 46  i2 = 26
676 240 -111 -109 6086 424 54758 2495 492806 28710 1 207 422 1 177 392 1 92 305 1 17 226 1 -67 140 1 -75 130 1 -127 74 1 -128 73 0 4 -19 1396920132 1363368529 1342177347 1179666688 84 -277599535 ffffffffffffffffffff DOCSQZCQC
GHJMQ i1 = 87  i2 = 22
1 491 705 1 463 675 1 419 627 1 343 549 1 339 545 1 313 519 1 286 490 1 257 457 1145261890 1397834328 1342177280 1179666688 84 -574042196  BOCDXBQS
JKMPT i1 = 13  i2 = 16
258 19 -73 -71 2305 190 20737 1567 186625 10016 1679617 101843 1 499 748 1 415 660 1 386 631 1 347 590 1 318 559 1 242 479 1 225 458 1 184 415 1196246100 1498106702 1342177280 1179666688 84 -1334234303 ffffffffffffffffffff TDMGNKKY
JKMPT i1 = 32  i2 = 11
122 -1 61 1089 86 9801 603 88209 3699 793881 44223 7144929 490186 1 -138 89 0 7 26 0 6 -38 0 4 -122 1162762584 1498106624 1342177280 1179666688 84 -361677039 ffffffffffffffffffff XYNE
DEGJN i1 = 87  i2 = 20
1 448 1000 1 379 929 1 371 921 1 332 882 1 281 827 1414874452 1498087509 1342177280 1179666688 84 -1006878800  TEUTU
JKMPT i1 = 85  i2 = 9
84 58 43 45 1 25 324 1 -15 280 1 -28 263 1 -64 225 1 -109 178 1 -192 91 1163412812 1493193793 1342177280 1179666688 84 -252842739 f LEXEAT
HIKNR i1 = 71  i2 = 17
291 20 82 1 660 865 1 656 857 1 580 779 1 494 693 1 441 640 1 404 603 1 316 513 1 230 425 1 222 415 1 207 400 1 117 308 1 96 285 1414218074 1463897690 1161910106 1179666688 84 -1778644515 f ZAKTZNAWZWAE
HIKNR i1 = 6  i2 = 1
1 800 996 1 703 897 1 615 809 1 590 780 1 555 743 1431787081 1463877718 1161910106 1179666688 84 393948  IVWUV
EFHKO i1 = 88  i2 = 9
82 61 -113 -111 1 332 671 1 312 647 1 230 563 1 148 481 1 126 459 1 125 458 1 89 420 1 -3 328 1 -39 288 1 -97 228 1 -124 201 1 -189 132 1497519179 1145852245 1329682008 1179666688 84 1039969212 f KTBYUQLDXVAO
IJLOS i1 = 50  i2 = 6
36 32 -87 324 5 2916 216 26244 1489 236196 12933 1 853 952 1 813 910 1 751 848 1 711 806 1480673858 1145852160 1329682008 1179666688 84 -1546064923 ffffffffffffffffffff BJAX
FGILP i1 = 41  i2 = 29
844 80 -69 7571 591 68123 3441 1 -11 210 1 -92 127 1 -123 96 1 -146 71 0 6 -18 0 4 -91 1230525777 1140867409 1329682008 1179666688 84 -7940035 fffffffffffffffffff QUXIQA
CDFIM i1 = 82  i2 = 5
26 67 -106 226 56 1 272 452 1 178 358 1 160 338 1 99 275 1 74 246 1 6 178 1 3 173 1 -29 141 1 -110 61 0 5 0 0 5 -38 0 4 -82 0 2 -108 1128815189 1464749133 1415205978 1179648065 84 -742924047 ff UZHCMLNWZTZTA
IJLOS i1 = 65  i2 = 14
197 23 -80 1764 122 15876 472 142884 8134 1 -113 187 1 -179 117 1 -241 55 0 12 -31 0 10 -109 0 9 -140 0 8 -208 0 7 -260 0 7 -262 0 6 -294 0 5 -331 1145128519 1212502343 4342598 1179648065 84 191884167 ffffffffffffffffffff GFADGQEHFCB
BCEHL i1 = 71  i2 = 14
196 29 1764 146 15876 376 142884 8374 1 638 790 1 623 773 1140872528 1212502343 4342598 1179648065 84 964290657 ffffffffffffffffffff PU
GHJMQ i1 = 91  i2 = 2
4 85 -90 -88 37 83 1 687 976 1 653 938 1 563 844 1 500 779 1 413 690 1 406 681 1297302340 1207977538 4342598 1179648065 84 -541756015 ff DCSMBF
EFHKO i1 = 13  i2 = 2
4 7 -35 36 -2 324 210 2916 146 1 919 1013 1 894 986 1 860 952 1 858 950 1 798 890 1 737 827 1 710 800 1 670 760 1 639 729 1 565 655 1 523 613 1 494 582 1 484 568 1364216899 1481592136 1229211975 1179648074 84 1959805543 ffffffff CLPQHMOXGIDIJ
CDFIM i1 = 81  i2 = 1
1 10 280 1 -65 206 1 -131 140 0 6 43 0 5 34 0 4 -59 1363362894 1476412745 1229211975 1179648074 84 -1568241507  NDCQIE
CDFIM i1 = 28  i2 = 11
122 -5 20 1091 120 9803 79 1 170 316 1 152 296 1 84 228 1 40 184 1 -23 121 1 -87 56 0 5 25 0 3 -18 1179468377 1414155077 1229211904 1179648074 84 524546690 fffffffff YBMFEKJT
IJLOS i1 = 49  i2 = 2
7 43 -17 39 43 1 278 519 1 226 465 1 154 389 1 67 300 1 -12 217 1 -64 163 1 -148 77 0 4 -2 1480802893 1381259353 1229211904 1179648074 84 -1641022402 ff MBCXYXTR
JKMPT i1 = 85  i2 = 8
64 61 54 56 577 29 5185 414 46657 1885 1 419 581 1 391 551 1 357 517 1 339 497 1 291 449 1 230 388 1 185 343 1 102 258 1 82 238 1 26 178 1162628428 1347246155 1224756810 1179648074 84 1763944544 ffffffffffff LMLEKXMPJN
EFHKO i1 = 19  i2 = 22
485 19 -90 -88 4359 172 39207 2067 352839 17806 1 750 944 1 712 902 1 651 841 1 634 820 1 597 779 1 581 759 1297632600 1342199628 1224756810 1179648074 84 771696560 ffffffffffffffffffff XMXMLW
DEGJN i1 = 41  i2 = 19
361 -16 116 118 3250 104 29242 1250 263170 13268 2368522 140162 21316690 1734636 191850202 34948397 1726651810 -898169194 -1640002902 215490337 -1875124238 1351632139 303751034 150144906 -1561207998 -1881534953 1 167 393 1 109 335 1 98 320 1 14 234 1 -61 157 1 -71 147 1 -116 98 1263751759 5719618 1224756810 1179648074 84 707889678 ffffffffffffffffffff ORSKBFW
DEGJN i1 = 79  i2 = 12
144 43 100 1298 -26 1 74 373 1 35 330 1258308941 5719618 1224756810 1179648074 84 -329796236 ff ME
HIKNR i1 = 71  i2 = 29
842 -16 -116 7571 38 68123 2850 613091 36307 5517803 344287 49660211 4820663 1 94 433 1 5 344 1 -70 267 1 -93 244 1 -125 212 1 -150 187 1 -202 133 1 -207 126 0 5 27 0 4 -10 1263094873 1364480069 1224755792 1179648074 84 -1740905573 ffffffffffffffffffff YLIKEPTQPJ
EFHKO i1 = 63  i2 = 9
1 98 453 1 32 385 1 -11 342 0 9 254 0 9 220 0 9 169 0 8 129 0 7 76 0 5 13 0 3 -32 1162827083 1146177624 1224758358 1179648074 84 1875509156  KUOEXHQDVT
HIKNR i1 = 80  i2 = 26
676 2 -19 1 909 1015 1 821 925 1 740 844 1 709 813 1 659 763 1 564 668 1 475 577 1 396 498 1 386 488 1 363 461 1 363 459 1 283 377 1297110862 1196179780 1264140867 1179648000 84 -1904567867 f NWPMDALGCBYK
GHJMQ i1 = 28  i2 = 8
66 4 127 -127 576 50 5184 576 46656 2887 419904 23083 3779136 249288 34012224 3143856 306110016 81683197 1 112 414 1 75 377 1 -15 285 1 -90 206 1 -136 158 1 -202 90 1 -237 56 0 10 -36 0 10 -103 0 8 -159 0 6 -241 0 6 -255 0 6 -309 0 6 -351 0 5 -396 1280462407 1280525651 1229280847 5523277 84 -507254871 ffffffffffffffffffff GNRLSESLOVEIMGT
DEGJN i1 = 15  i2 = 2
1 925 1003 1 887 965 1 836 910 1 811 883 1447969100 1280525568 1229280847 5523277 84 -1399029095  LANV
HIKNR i1 = 63  i2 = 13
1 88 544 1447952450 1280525568 1229280847 5523277 84 635570702  B
DEGJN i1 = 23  i2 = 8
65 -1 -115 576 74 5184 214 46656 3063 419904 22467 1 756 931 1 677 850 1 630 803 1 584 757 1 566 735 1 479 644 1 466 631 1 441 604 1 437 600 1 382 543 1 352 509 1 285 438 1196182594 1179078216 1162363470 5523200 84 -691656095 ffffffffffffffffffff BLLGHNGFNBHE
GHJMQ i1 = 10  i2 = 18
325 90 66 68 2917 238 1 23 86 1 -11 48 0 9 8 0 7 -34 0 6 -100 0 6 -181 0 5 -242 0 4 -307 0 2 -370 1515671625 1197033042 1162346572 5523200 84 725667378 ffffffffff IPWZRFYGL
JKMPT i1 = 94  i2 = 2
4 88 -69 -67 36 85 324 55 2916 -46 1 821 1007 1 751 937 1 723 905 1 676 854 1 667 841 1 636 810 1 598 770 1 561 729 1178948687 1096111175 1162346496 5523200 84 2011126270 ffff OTEFGTUA
CDFIM i1 = 62  i2 = 9
83 35 111 731 -8 6563 228 1 394 640 1 327 573 1 294 538 1 248 492 1 166 406 1 115 355 1 80 320 1 5 241 1 -19 213 1 -89 141 1 -174 54 0 -210 17 1431522899 1431328334 1414808389 5523200 84 -64573037 fffff SNSUNVPUECTT
ABDGK i1 = 68  i2 = 3
11 59 92 83 49 1 343 638 1 262 557 1 204 499 1 168 463 1 162 455 1 116 409 1 35 326 1 17 308 1 6 295 1 8 293 1 -59 222 1 -123 158 1 -141 138 1 -190 89 1 -233 43 1313361495 1111837776 1112365132 5261895 84 -991901305 ff WNHNPLEBLXMBGJP
FGILP i1 = 43  i2 = 4
17 31 110 145 11 1297 258 11665 666 104977 5522 944785 56181 8503057 602110 76527505 8557065 1 -145 128 1 -220 53 1 -224 49 0 15 8 0 14 -20 0 12 -102 0 11 -192 0 11 -237 0 9 -322 0 8 -382 0 6 -446 0 5 -470 0 3 -565 1162041417 1413694786 1397048137 5242964 84 399325000 ffffffffffffffffffff IXCEBECTICEST
FGILP i1 = 65  i2 = 27
730 -16 6562 553 59050 2569 531442 28045 1162041344 1413694786 1397048137 5242964 84 586307585 ffffffffffffffffffff 
FGILP i1 = 11  i2 = 17
290 8 27 2602 -22 1 -2 53 0 9 -26 0 9 -117 0 7 -146 0 5 -190 0 3 -226 1195592776 1409309263 1397048137 5242964 84 -1757898999 ffffff HLCGOZ
HIKNR i1 = 51  i2 = 7
1 626 872 1 622 866 1 556 798 1 477 719 1 421 659 1 420 654 1 394 624 1397709393 5784387 1397048137 5242964 84 1194031159  QZOSCCX
DEGJN i1 = 77  i2 = 29
841 -10 -31 7571 224 1 549 783 1 543 777 1 519 749 5266009 5784387 1397048137 5242964 84 -1546110598 ffff YZP
DEGJN i1 = 99  i2 = 13
1 517 1041 1 469 991 1 407 929 1 314 834 1 271 789 1347373130 5767258 1397048137 5242964 84 1007944519  JHOPZ
CDFIM i1 = 8  i2 = 27
729 44 6561 560 59049 2936 531441 32068 4782969 331635 43046721 4356585 387420489 113863609 1 241 338 1 205 298 1342195546 5767258 1397048137 5242964 84 273282666 ffffffffffffffffffff ZG
HIKNR i1 = 60  i2 = 15
1 361 697 1 297 629 1 241 569 1 182 510 1 91 415 1145324098 5767235 1397048137 5242964 84 -23141  BBDDC
IJLOS i1 = 92  i2 = 7
50 71 127 441 40 3969 390 35721 1925 1 489 652 1 476 639 1 476 639 1 382 541 1 362 519 1 330 483 1 279 432 1 185 338 1 176 327 1 125 272 1129399119 1363886917 1392530505 5242964 84 419173370 ffffffffffff OCQCECKQIT
HIKNR i1 = 79  i2 = 23
529 10 10 1 437 557 1129381976 1363886917 1392530505 5242964 84 617945017 f X
CDFIM i1 = 98  i2 = 23
529 29 -120 -118 -116 1 297 672 1 268 641 1 250 623 1 227 596 1 131 498 1 64 427 1 -24 335 1 -54 301 1 -113 240 1280330309 1347508554 1392509008 5242964 84 -1259598388 f EJPLJYQPP
DEGJN i1 = 45  i2 = 13
1280330240 1347508554 1392509008 5242964 84 -1606728191  
FGILP i1 = 48  i2 = 25
1 152 385 1 122 353 1 120 349 1 121 346 1 24 245 1262967115 1347485783 1392509008 5242964 84 233253113  KYGKW
FGILP i1 = 71  i2 = 19
361 14 79 3251 264 29243 1555 1 540 868 1262944329 1347485783 1392509008 5242964 84 -1948862756 fffffffffff I
JKMPT i1 = 86  i2 = 2
7 80 -17 1 466 803 1 411 748 1 397 732 1 336 671 1 277 612 1 238 573 1 167 500 1 134 463 1162823756 1396788040 1392508928 5242964 84 -544008872 f LHOEHKAS
FGILP i1 = 3  i2 = 25
1 787 930 1 727 866 1 651 788 1 563 696 1 562 695 1 470 601 1330337102 1392527705 1392508928 5242964 84 991034843  NUKOYI
BCEHL i1 = 93  i2 = 3
1 508 982 1 506 978 1 498 968 1 427 897 1 426 896 1 385 851 1 340 806 1 303 767 1 249 711 1 241 703 1 162 622 1246583384 1397443414 4868677 5242964 84 -1110434287  XZMJVKKSEJJ
JKMPT i1 = 97  i2 = 16
257 49 102 104 106 2306 -37 20738 790 186626 9256 1 345 630 1 249 534 1 222 507 1 215 498 1 171 452 1 77 358 1 48 329 1 -23 258 1 -118 161 1 -169 108 1 -242 33 0 11 -65 0 9 -138 0 7 -172 0 6 -196 0 5 -201 0 5 -285 0 4 -293 1330006613 1330272602 1431981144 1330729294 16710 -1481597791 ffffffffffffffffffff UJFOZYJOXLZUNQQOFA
ABDGK i1 = 41  i2 = 18
325 -13 -49 2918 156 26246 1489 236198 12911 2125766 131594 1 10 252 1 -80 162 1 -173 66 0 5 42 0 5 39 0 3 37 1381258051 1325417306 1431981144 1330729294 16710 1502426500 ffffffffffffffffffff CSTRZC
DEGJN i1 = 70  i2 = 13
170 31 -46 1521 306 13689 729 123201 5942 1 257 500 1 243 484 1 182 423 1 120 357 1196513358 1325417216 1431981144 1330729294 16710 -1288670803 ffffffffffffffffffff NXQG
FGILP i1 = 3  i2 = 6
1 639 684 1 578 621 1 515 558 1 464 505 1 404 443 1 327 366 1 239 274 1 186 217 1179337025 1363759701 1431981056 1330729294 16710 1267142412  AAKFURIQ
CDFIM i1 = 93  i2 = 8
1 -73 117 1179320393 1363759701 1431981056 1330729294 16710 844628552  I
FGILP i1 = 33  i2 = 10
1 636 881 1 579 820 1174426177 1363759701 1431981056 1330729294 16710 873046943  AR
DEGJN i1 = 22  i2 = 9
82 -5 111 1 747 931 1 653 837 1 601 783 1 575 757 1 560 742 1 555 733 1 495 671 1 451 627 1 433 609 1 389 561 1 293 465 1 231 399 1180060483 1297695555 1464883274 1330729216 16710 1095618611 f CKVFCCYMJXPW
JKMPT i1 = 10  i2 = 22
484 75 45 47 1 502 576 1 419 489 1 389 459 1 341 411 1 297 363 1 255 321 1 250 312 1 214 276 1 179 239 1 142 198 1 99 155 1 2 56 1 -11 43 0 4 14 1230522955 1196840776 1414222161 1325420368 16710 -779727187 fff KJXIHWVGQQKTPO
HIKNR i1 = 35  i2 = 5
27 20 54 56 58 1 190 325 1 116 251 1 58 189 1 34 161 1 9 136 1 -38 85 1 -92 29 0 -105 13 1230456410 1279741263 1414222080 1325420368 16710 -464036398 f ZFWIOMGL
JKMPT i1 = 70  i2 = 2
5 64 37 61 1230456320 1279741263 1414222080 1325420368 16710 673377281 ff 
ABDGK i1 = 90  i2 = 5
1 734 927 1 651 842 1 619 808 4477506 1279741263 1414222080 1325420368 16710 22387531  BRD
JKMPT i1 = 21  i2 = 6
1 92 261 1 91 256 18517 1279741263 1414222080 1325420368 16710 333306  UH
ABDGK i1 = 40  i2 = 28
785 201 1 13 92 1 -8 69 1 -60 18 0 9 -54 0 7 -91 0 7 -159 0 7 -195 0 5 -238 0 5 -245 0 5 -289 0 4 -340 0 2 -438 1481590869 1430866777 1129204820 1325420288 16710 -100418588 fff UHOXYKIUTLNC
BCEHL i1 = 23  i2 = 19
361 47 -68 3249 169 29241 1801 1 318 474 1 304 456 1 238 388 1 200 346 1 147 293 1 62 206 1 -22 118 1 -44 94 1464880962 1413762893 1129204736 1325420288 16710 -270686587 fffffffffffffffffff BOPWMODT
DEGJN i1 = 49  i2 = 14
198 7 105 1767 204 15879 504 1 651 919 1 574 838 1 529 793 1 486 748 1 423 683 1 348 608 1 321 581 1 309 569 1 220 478 1 135 391 1 85 341 1 53 307 1 -3 251 1 -86 164 1129137740 1396988244 1314280518 1325417538 16710 541942952 fffffffff LFMCTYDSFTVNBD
BCEHL i1 = 31  i2 = 2
6 25 38 17 326 -13 1 394 548 1 334 486 1 236 386 1 237 383 1 153 295 1 61 199 1 -17 119 1330862675 5064772 1314280518 1325417538 16710 1999248133 fff SZSODHM
HIKNR i1 = 17  i2 = 29
842 214 -75 -73 1 882 963 1 813 892 1 758 835 1 743 818 1 719 790 1 635 704 1 564 633 1 525 592 1 506 571 1 504 565 1146505806 1095058261 1308640068 1325417538 16710 1923514629 fffff NJVDUCEADC
BCEHL i1 = 7  i2 = 10
103 19 -99 902 160 8102 324 1 593 703 1 572 682 1 501 607 4869974 1095058261 1308640068 1325417538 16710 -350288355 fffffffffffff VOJ
CDFIM i1 = 4  i2 = 9
81 96 39 1 520 599 1 507 582 1 460 533 1 425 498 1 406 479 1 325 396 1 270 337 1 186 249 1447972435 1161974355 1308640000 1325417538 16710 440550082 fff SNNVSRBE
CDFIM i1 = 76  i2 = 16
258 28 111 2305 194 20737 574 186625 8202 1 517 914 1 440 833 1442858572 1161974355 1308640000 1325417538 16710 606839360 ffffffffffffffffffff LF
CDFIM i1 = 71  i2 = 5
26 56 23 1 21 323 1 -6 294 1 -53 245 1 -133 163 1 -192 104 0 8 26 0 8 2 0 8 -54 0 6 -105 0 4 -128 1112299342 1363756101 1308641358 1325417538 16710 -1486137162 f NWLBEDIQNH
IJLOS i1 = 98  i2 = 21
441 35 47 49 3970 206 35722 1727 321490 16776 2893402 175952 1 670 839 1 592 761 1 594 759 1 574 737 1 552 715 1 534 693 1 533 690 1 442 597 1481918039 1348029017 1308641280 1325417538 16710 -1209655238 ffffffffffffffffffff WFTXYJYP
JKMPT i1 = 62  i2 = 1
3 59 -12 10 53 82 35 730 -7 6562 38 59050 2402 531442 29852 4782970 305667 43046722 4064027 1 -174 260 1 -268 164 1 -272 158 1 -312 114 1 -393 31 0 5 11 1262962514 1342194507 1308641280 1325417538 16710 -1138638557 ffffffffffffffffffff RGGKKC
ABDGK i1 = 7  i2 = 1
1 4 121 9 14 1 36 146 1 24 130 1 -33 69 1 -47 51 0 6 -10 0 4 -23 1279547214 1342194760 1308641280 1325417538 16710 1557013373 ff NWDLHD
JKMPT i1 = 85  i2 = 5
26 70 226 40 2026 206 1279547136 1342194760 1308641280 1325417538 16710 1880343041 fffff 
EFHKO i1 = 58  i2 = 17
291 7 25 27 1 658 827 1 647 812 1 646 807 1 604 765 1 513 674 1 495 656 1 423 580 1163482705 5327431 1308641280 1325417538 16710 -1583848377 f QVYEGJQ
CDFIM i1 = 34  i2 = 2
4 28 -80 -78 -76 -74 37 22 325 -14 1 308 458 1 293 439 1 255 401 1 195 337 1 117 259 1 41 179 1 43 177 1 -42 90 0 6 10 0 5 -11 0 3 -110 1247105602 1481726292 4282706 1325417538 16710 1543418840 fff BRUJTYQXRYA
DEGJN i1 = 88  i2 = 19
363 31 105 107 3249 166 29241 583 263169 13919 2368521 140463 21316689 1647013 191850201 34699016 1726651809 -1107296592 -1640002903 217664507 -1875124239 -1661498976 303751033 148247737 -1561207999 -104929768 -1165970103 -571860506 1 462 910 1 459 907 1 420 866 1 354 798 1 332 776 1 235 679 1 191 635 1 178 622 1 167 611 1 94 536 1 81 523 1 64 504 1 54 494 1 -30 408 1 -72 362 1 -114 316 1129465159 1364476497 1414485062 1515210583 16640 -315455554 ffffffffffffffffffff GERCQBTQFTOTWGPZ
JKMPT i1 = 46  i2 = 9
81 19 25 27 29 729 -19 6561 553 59049 3982 1 708 812 1 681 781 1 596 696 1 568 664 1 515 609 1 416 510 1 378 472 1 374 464 1 363 451 1 290 374 1515602507 1146046039 1409306954 1515210583 16640 1067632531 ffffffffffffffffffff KBVZWFODJQ
ABDGK i1 = 65  i2 = 7
49 44 -128 -126 1 241 398 1 221 374 1 148 301 1 86 237 1 17 168 1 -62 85 1430739521 1140870234 1409306954 1515210583 16640 -38482262 f AZGUZL
EFHKO i1 = 40  i2 = 14
197 -2 101 1766 194 15878 576 142886 7524 1 616 899 1 566 847 1 499 778 1 477 754 1 396 669 1163149648 1140850770 1409306954 1515210583 16640 1370222881 ffffffffffffffffffff PATER
CDFIM i1 = 67  i2 = 11
121 34 -10 1089 -16 1 331 539 1 316 522 1 229 435 1 140 342 1094797897 1140850688 1409306954 1515210583 16640 2021618806 ff IJAA
IJLOS i1 = 59  i2 = 13
170 20 -123 1 238 407 1 179 348 1 129 298 1 87 252 1 7 170 1 -56 105 1 -67 92 1 -130 30 0 5 -43 0 4 -78 1515672905 1381062229 1409309256 1515210583 16640 -2036597697 f IUWZUVQRHZ
FGILP i1 = 53  i2 = 5
25 38 -74 -72 226 26 2026 342 18226 547 1 226 448 1 224 442 1 186 404 1 133 349 1 93 309 1 60 276 1 24 238 1 -65 145 1 -106 104 1 -129 77 1279481680 1296521807 1409307474 1515210583 16640 1293042465 ffffffffff PWCLOZGMRS
GHJMQ i1 = 74  i2 = 22
484 8 -34 -32 1 557 757 1 522 720 1 454 650 5065559 1296521807 1409307474 1515210583 16640 668653789 f WKM
JKMPT i1 = 69  i2 = 19
1 35 403 1 -34 332 1 -51 313 1 -122 241 1 -182 179 0 8 120 0 6 90 0 5 76 1330075457 1398233434 1409307392 1515210583 16640 -1495110278  AWGOZYWS
CDFIM i1 = 63  i2 = 21
1 800 1074 1 759 1031 1 747 1017 1 720 990 1 684 952 1 602 868 1 553 815 1 528 788 1 476 732 1482115394 1413629269 1409286229 1515210583 16640 1059652203  BIWXUEBTU
BCEHL i1 = 97  i2 = 27
732 16 121 1 -229 142 1 -327 43 0 8 -28 0 8 -50 0 7 -67 0 6 -135 0 6 -166 0 4 -177 1264013398 1128550998 1409286144 1515210583 16640 -2082389598 f VPWKVRDC
GHJMQ i1 = 90  i2 = 2
1 387 734 1 380 727 1 320 665 1 267 608 1 193 534 1 165 504 1330792788 1124091984 1409286144 1515210583 16640 -1633381719  TIROPH
FGILP i1 = 67  i2 = 24
577 -5 20 1 187 299 1 122 230 1 50 158 1 0 106 0 4 8 0 4 -61 0 3 -114 1397377881 4477265 1409286144 1515210583 16640 1826959625 f YKJSQQD
BCEHL i1 = 2  i2 = 25
626 161 5626 381 50626 3098 1397377792 4477265 1409286144 1515210583 16640 -1662795519 ffffffffffffffffffff 
BCEHL i1 = 66  i2 = 26
1 -49 121 1 -108 61 0 4 30 5723474 4477265 1409286144 1515210583 16640 297620649  RUW
IJLOS i1 = 51  i2 = 28
1 449 744 5701712 4477265 1409286144 1515210583 16640 319295873  P
GHJMQ i1 = 83  i2 = 4
18 71 106 145 55 1 588 898 1 526 834 1 526 832 1 482 788 1 421 725 1 336 640 1 245 547 1465014871 4739920 1409286144 1515210583 16640 -692183883 ff WZRWPSH
ABDGK i1 = 16  i2 = 1
1 13 101 103 10 7 82 2 730 94 6562 621 59050 3753 531442 31192 4782970 318162 1 16 133 1 -53 61 0 8 -13 0 8 -47 0 7 -124 0 6 -143 0 6 -143 0 5 -196 0 4 -219 0 4 -274 0 3 -301 1397772888 1514819911 5459270 1515210583 16640 1032741209 ffffffffffffffffffff XRPSGQJZFMS
JKMPT i1 = 100  i2 = 9
82 73 1397772800 1514819911 5459270 1515210583 16640 -914840063 f 
IJLOS i1 = 75  i2 = 8
1 718 1209 1397751888 1514819911 5459270 1515210583 16640 -813693055  P
GHJMQ i1 = 81  i2 = 27
1 675 1027 1 590 942 1 580 930 1 566 916 1 545 893 1346917698 1514799176 5459270 1515210583 16640 2007039479  BUHPH
ABDGK i1 = 22  i2 = 28
785 111 29 31 33 1 206 321 1 155 266 1 85 194 1 78 185 1 33 138 1 -52 54 0 14 -38 0 12 -87 0 12 -93 0 11 -174 0 9 -268 0 7 -276 0 7 -305 0 7 -364 0 6 -451 0 4 -526 1178686021 1330272075 1246841418 1095519062 16640 450755913 fff ERAFKWJOJJQJVKLA
DEGJN i1 = 64  i2 = 29
841 -23 -65 7570 144 68122 2332 613090 33509 5517802 361959 49660210 4852083 1 697 1003 1 672 978 1 663 965 1 630 932 1 604 902 1 541 839 1 448 744 1514230359 5462088 1246841418 1095519062 16640 -389442233 ffffffffffffffffffff WRAZHXS
HIKNR i1 = 3  i2 = 21
1 255 289 1 173 203 1 166 192 1 96 118 1 91 113 1 6 25 1431650886 17495 1246841418 1095519062 16640 -102466  FBUUWD
JKMPT i1 = 13  i2 = 23
531 -8 91 93 4761 519 42849 2174 1 399 616 1 378 593 1 281 494 1 266 479 1 215 428 1 198 407 1 198 405 1 111 318 1 78 285 1 34 237 1 30 233 1 -66 133 1213027395 1112951124 1112365137 1095518976 16640 717239189 fffffffffffffffff CTMHTIVBQXMB
ABDGK i1 = 32  i2 = 12
147 -4 -118 1299 50 1 -19 170 1 -45 142 1 -126 58 0 7 -33 0 7 -56 0 6 -104 0 6 -136 0 6 -161 0 4 -228 1330335304 1296450375 1112342594 1095518976 16640 1531908896 ffff HNKOGCFMB
HIKNR i1 = 53  i2 = 5
25 38 52 225 11 2025 222 18225 403 1 547 867 1 474 794 1 392 710 5262166 1296450375 1112342594 1095518976 16640 2098564395 ffffffffff VKP
EFHKO i1 = 31  i2 = 3
10 22 5262080 1296450375 1112342594 1095518976 16640 47358721 f 
ABDGK i1 = 70  i2 = 4
16 58 144 43 1 566 672 1 558 662 1 480 580 4937815 1296450375 1112342594 1095518976 16640 177761341 ff WXK
JKMPT i1 = 10  i2 = 20
400 84 3600 -28 32400 2525 291600 17730 2624400 166567 23619600 2104578 212576400 49444657 1913187600 1688756385 38819216 630384376 1 679 1000 1 632 953 1 559 880 1 477 798 1 475 792 1 381 698 1 352 667 1 349 660 1396851532 1094864985 1112342528 1095518976 16640 -266459280 ffffffffffffffffffff LCBSYPBA
IJLOS i1 = 15  i2 = 5
1 71 407 1 73 405 1 -1 331 1 -9 323 1 -20 310 0 4 250 1128875587 1090536514 1112342528 1095518976 16640 -1596146017  CFICBD
HIKNR i1 = 99  i2 = 6
1128875520 1090536514 1112342528 1095518976 16640 661604353  
ABDGK i1 = 65  i2 = 8
66 41 9 11 13 15 576 10 5184 122 1 450 818 1 422 786 1 409 769 1 359 715 1 338 692 1 281 633 1 256 604 1 247 591 1 176 518 1296781892 1498368090 1112342612 1095518976 16640 -1498923999 fffff DRKMZHOYT
ABDGK i1 = 34  i2 = 13
170 -5 -111 -109 1522 14 1 44 166 1 -5 115 1 -63 53 0 9 -35 0 9 -125 0 7 -147 0 7 -239 0 5 -340 0 4 -432 1246840904 1330793294 1112342593 1095518976 16640 -297004591 ffff HHQJNKROA
FGILP i1 = 62  i2 = 15
226 17 -106 2025 252 18225 585 1 -14 189 1 -98 105 1 -145 59 0 9 -28 0 9 -35 0 9 -58 0 9 -129 0 7 -204 0 6 -247 0 5 -334 0 4 -430 1464486486 1480739143 5853264 1095518976 16640 823079965 fffffffff VJJWGIBXPPY
DEGJN i1 = 17  i2 = 29
842 214 7570 393 68122 3948 613090 37602 5517802 369673 49660210 5193668 446941882 139383780 -272490366 678370375 1464486400 1480739143 5853264 1095518976 16640 1769579009 ffffffffffffffffffff 
FGILP i1 = 46  i2 = 14
197 4 -128 -126 1766 50 15878 1145 1 477 651 1 476 646 1 425 595 1 353 521 1 311 479 1 290 454 1 286 446 1 256 414 1 216 372 1 203 357 1414552140 1464681033 22599 1095518976 16640 -45438863 fffffffffff LZPTIBMWGX
CDFIM i1 = 81  i2 = 14
1 636 1013 1 577 952 1 524 897 1 448 819 1296777544 1464680960 22599 1095518976 16640 975016433  HAKM
FGILP i1 = 27  i2 = 11
1 279 386 1 205 312 1 148 251 1 56 155 1 -24 73 0 8 -20 0 7 -44 0 6 -67 0 6 -146 0 6 -203 0 5 -212 1196448083 1347571278 5263448 1095518976 16640 828081076  SYPGNNRPXPP
HIKNR i1 = 44  i2 = 7
52 23 120 442 -7 3970 46 1 662 898 1196425289 1347571278 5263448 1095518976 16640 -231693904 fffff I
FGILP i1 = 6  i2 = 8
1 710 764 1 632 684 1 559 609 1 548 598 1 515 565 1 419 467 1 360 404 1430733131 4870231 5263448 1095518976 16640 -22143223  KAGUWPJ
CDFIM i1 = 97  i2 = 2
7 91 39 79 1 174 545 1 173 544 1 122 489 1 34 401 1 -25 340 1 -117 248 1 -169 192 1213879105 5195860 5263448 1095518976 16640 1124962231 ff ASZHTHO
CDFIM i1 = 41  i2 = 28
785 83 49 1 -11 99 0 9 1 0 8 -28 0 6 -101 0 5 -126 0 4 -207 0 4 -216 0 4 -239 0 3 -301 1497779546 1481459540 5242955 1095518976 16640 1259430281 fff ZMFYTGMXK
GHJMQ i1 = 11  i2 = 14
198 20 -72 1764 148 15876 807 142884 7824 1285956 84507 11573604 880342 1 321 456 1 258 391 1 212 343 1 163 292 1 130 259 1 42 169 1 35 160 1 6 127 1 -73 44 1296974423 1413892954 5242955 1095518976 16640 -336490267 ffffffffffffffffffff WBNMZKFTK
FGILP i1 = 5  i2 = 1
1 2 1 -7 32 0 8 -56 0 6 -145 0 6 -172 0 4 -225 0 4 -261 0 2 -271 1179735631 4541783 5242955 1095518976 16640 -755760403 f OVQFWME
DEGJN i1 = 85  i2 = 12
144 49 101 1 12 131 1 -32 87 1 -55 64 0 4 2 0 3 -66 1313030472 4522060 5242955 1095518976 16640 24456737 f HACNL
DEGJN i1 = 70  i2 = 25
626 -5 37 5627 62 50627 2584 455627 26071 4100627 257352 36905627 3381474 332150627 88517322 -1305611669 17154623 1134396851 -1778200989 1 -449 68 0 10 13 0 10 -56 0 9 -143 0 9 -214 0 8 -312 0 7 -345 0 7 -369 0 6 -378 0 6 -462 0 6 -463 0 4 -551 1212633940 1163351620 1431982162 1095518976 16640 -356059820 ffffffffffffffffffff TSGHDVWERPZU
JKMPT i1 = 56  i2 = 16
256 8 -60 -58 -56 1 791 1016 1 712 935 1 639 860 1 602 819 1 510 727 1 432 645 1 366 575 1 340 547 1 305 510 1 277 480 1 241 444 1 209 412 1 133 336 1 130 329 1 40 237 1162825551 1297504090 1296128090 4475218 16640 -37896799 f OOOEZWVMZXAMRID
DEGJN i1 = 14  i2 = 16
256 119 2304 142 20736 1051 186624 11097 1679616 102357 15116544 1203393 1 379 596 1162805313 1297504090 1296128090 4475218 16640 -1636649808 ffffffffffffffffffff A
HIKNR i1 = 68  i2 = 15
225 23 16 2026 182 18226 475 164026 7855 1 333 552 1 295 510 1157647431 1297504090 1296128090 4475218 16640 -120321549 ffffffffffffffffffff GL
BCEHL i1 = 7  i2 = 21
441 133 3969 190 35721 2459 321489 19671 2893401 189854 26040609 2308971 1 730 932 1 704 906 1 617 815 1 560 758 1 508 702 1 463 657 1 400 590 1 375 563 1262568004 1464948057 1296128000 4475218 16640 -392743587 ffffffffffffffffffff DBAKYUQW
BCEHL i1 = 58  i2 = 7
50 37 9 11 13 441 5 3969 270 35721 1367 321489 17486 2893401 175347 26040609 2202189 234365481 55647245 2109289329 -1038212878 1803734777 1134968453 1 -308 40 0 11 -19 0 11 -89 0 10 -120 0 10 -189 0 9 -230 0 8 -308 0 6 -379 0 4 -405 1178684759 1414943066 1296105540 4475218 16640 -1336732141 ffffffffffffffffffff WMAFZQVTD
FGILP i1 = 7  i2 = 3
9 -2 -113 -111 -109 -107 -105 81 116 729 54 1 68 162 1 -20 74 0 21 5 0 20 -31 0 18 -76 0 16 -122 0 13 -139 0 13 -193 0 12 -258 0 12 -307 0 11 -398 0 10 -407 0 9 -446 0 8 -499 0 8 -510 0 8 -574 0 7 -583 0 7 -645 0 7 -684 0 5 -715 0 4 -733 1213025102 1180064329 1347833168 1347569746 1179796820 -1058429091 fffffff NKMHIZVFPMVPRHRPTERF
EFHKO i1 = 42  i2 = 23
1 590 881 1 570 861 1 547 838 1 457 748 1 376 665 1 295 584 1 213 498 1 177 458 1163483469 1347308871 1347833088 1347569746 1179796820 1980632023  MYYEGMNP
ABDGK i1 = 14  i2 = 28
786 71 -27 -25 7058 336 63506 3209 1 686 757 1 674 745 1 615 686 1 577 646 1 507 574 1 489 552 1 398 459 1 393 454 1 301 362 1 249 310 1 202 263 1 118 177 1 73 130 1 13 70 0 6 8 0 6 -34 0 4 -110 1514622533 1112496473 1448100930 1297307466 1179779158 891701129 ffffffffffffffffffff ENGZYYOBBDPVJWSMV
FGILP i1 = 37  i2 = 11
121 4 67 69 1090 118 9802 439 88210 5510 1 233 339 1 182 288 1 169 271 1 75 177 1 52 150 1 15 111 1 -15 77 0 5 -8 0 5 -15 0 4 -104 0 4 -203 0 3 -207 1514294340 1280592460 1448431959 1297307392 1179779158 616525997 ffffffffffffffffffff DLBZLJTLWQUV
CDFIM i1 = 75  i2 = 23
1 496 933 1 451 888 1 422 855 1 357 788 1 303 734 1 285 712 1179146565 1275088971 1448431959 1297307392 1179779158 -243265638  EYHFKP
BCEHL i1 = 29  i2 = 18
327 74 -8 -6 -4 -2 2919 232 26247 1579 236199 13209 2125767 131093 1 529 815 1 433 715 1 410 690 1 360 636 1 332 604 1 251 521 1 153 423 1 95 363 1 45 309 1 -34 226 1 -78 182 1 -164 95 0 6 39 0 5 26 1464746830 1246320196 1296713545 1291862339 1179779158 429253661 ffffffffffffffffffff NCNWDVIJIGJMCA
FGILP i1 = 77  i2 = 8
65 53 53 576 11 1 644 858 1 634 848 1 559 773 1 545 755 1381257797 1246320128 1296713545 1291862339 1179779158 1332627153 ff ERTR
ABDGK i1 = 58  i2 = 10
103 28 89 901 -28 8101 508 1 373 645 1 373 643 1 358 624 4676184 1246320128 1296713545 1291862339 1179779158 -507258256 fffffff XZG
IJLOS i1 = 8  i2 = 13
169 101 104 1 331 373 1 304 344 1 226 264 1 145 179 1 87 121 1 44 78 0 4 12 1431392593 4542283 1296713545 1291862339 1179779158 -20527441 fff QQQUKOE
CDFIM i1 = 1  i2 = 5
25 16 -75 227 102 2027 32 18227 1157 164027 10721 1476227 92372 1 74 208 1 0 134 1 -16 116 0 11 35 0 9 -44 0 8 -139 0 6 -141 0 4 -212 1398426690 1364744789 1296713472 1291862339 1179779158 -1721790603 ffffffffffffffffffff BLZSUZXQ
CDFIM i1 = 67  i2 = 3
10 58 33 82 49 730 2 6562 258 1 457 819 1 404 764 1 399 757 1 397 751 1 374 728 1 281 635 1 234 588 1 220 574 1 164 514 1229475924 1179341126 1296695372 1291862339 1179779158 -1360216268 ffffff TPHIFQKFL
IJLOS i1 = 93  i2 = 4
1 63 341 1 33 311 1 -1 277 1 -58 218 1 -60 214 0 2 162 1448167770 1174422351 1296695372 1291862339 1179779158 1497703784  ZIQVOC
EFHKO i1 = 76  i2 = 14
196 34 53 1 455 613 1 423 581 1 363 517 1 268 418 1 262 410 1 252 400 1 242 386 1 213 357 1 157 301 1 58 202 1 55 195 1 -30 106 1095260761 1363889240 1480676938 1291862272 1179779158 -1243688294 f YZHAXLKQJVAX
DEGJN i1 = 69  i2 = 12
1 210 630 1 141 557 1090536786 1363889240 1480676938 1291862272 1179779158 604618632  RE
EFHKO i1 = 55  i2 = 7
50 34 -89 443 2 3971 86 35723 1561 1 -39 207 1 -58 188 1 -143 99 4539969 1363889240 1480676938 1291862272 1179779158 853357550 ffffffffffff AFE
BCEHL i1 = 12  i2 = 16
4539904 1363889240 1480676938 1291862272 1179779158 72638465  
BCEHL i1 = 79  i2 = 22
485 13 -91 -89 4357 146 39205 1513 352837 18773 3175525 185948 28579717 2421058 257217445 62067259 1 254 442 1 170 356 1 101 287 1 103 285 1 32 214 1 -5 173 1 -102 72 1 -110 60 0 3 -5 1431656001 1129795410 1480654914 1291862272 1179779158 11338867 ffffffffffffffffffff AVUUROWCB
BCEHL i1 = 67  i2 = 21
442 4 -89 3970 240 35722 1367 321490 16284 2893402 176030 26040610 2198273 234365482 55469288 2109289330 -1479594256 1803734778 1115138002 1 12 202 1 -49 141 1 -58 128 4538969 1129795410 1480654914 1291862272 1179779158 -749644985 ffffffffffffffffffff YBE
BCEHL i1 = 96  i2 = 10
1 260 559 1 164 461 1 75 372 1 71 366 1447906649 1129795328 1480654914 1291862272 1179779158 487526511  YMMV
JKMPT i1 = 64  i2 = 4
16 52 120 122 1 35 130 1 -55 36 0 6 -60 0 4 -146 0 4 -184 0 3 -237 1296845397 1124091459 1480654914 1291862272 1179779158 -1617724419 f UJLMCF
IJLOS i1 = 1  i2 = 17
289 199 -124 -122 1 877 939 1 788 846 1 788 846 1 730 788 1 726 782 1 719 771 1 675 727 1 579 631 1 506 554 1112295749 1414611525 1480654930 1291862272 1179779158 1785016703 fffffff EILBEBQTR
JKMPT i1 = 89  i2 = 10
100 59 900 7 8100 98 1 348 706 1 315 669 1 283 635 1 195 547 1 184 534 1 162 512 1 119 465 1413763925 5196366 1480654930 1291862272 1179779158 -1607488782 fffff USDTNJO
GHJMQ i1 = 42  i2 = 23
1413763840 5196366 1480654930 1291862272 1179779158 608627201  
FGILP i1 = 55  i2 = 7
49 34 -110 -108 1 757 939 1 700 882 1 694 872 1 660 836 1 605 777 1 602 774 1 581 749 1 498 662 1 411 571 1196048975 1296453459 1480654927 1291862272 1179779158 -1305550602 f OBJGSOFMO
GHJMQ i1 = 10  i2 = 28
786 51 54 7056 545 63504 3357 1 -13 65 1196032070 1296453459 1480654927 1291862272 1179779158 219258225 ffffffffffffffffffff F
FGILP i1 = 95  i2 = 30
902 5 76 1 534 861 1 490 813 1 466 787 1 464 783 1 381 698 1 358 671 1197100614 1291863108 1480654927 1291862272 1179779158 1094618580 f FNZGDD
FGILP i1 = 81  i2 = 6
1 366 777 1 294 705 1 209 618 1 177 586 1 169 576 1 105 512 1 106 511 1 82 483 1095648850 1347242074 1480654848 1291862272 1179779158 -1753157180  RFNAZHMP
HIKNR i1 = 24  i2 = 2
1 -8 199 0 5 179 0 3 158 5001049 1347242074 1480654848 1291862272 1179779158 10002099  YOL
BCEHL i1 = 9  i2 = 30
1 106 318 1 13 223 0 5 173 0 3 115 1297041489 1347241984 1480654848 1291862272 1179779158 513078012  QHOM
IJLOS i1 = 25  i2 = 14
197 76 112 114 1767 84 15879 863 142887 8408 1285959 85136 1 470 634 1 411 571 1 352 508 1 319 471 1 271 419 1 238 382 1280328276 1342194009 1480654848 1291862272 1179779158 1739870425 ffffffffffffffffffff TBPLYA
CDFIM i1 = 66  i2 = 13
1 126 380 1 64 318 1 2 252 1 -22 225 1330402132 1342193920 1480654848 1291862272 1179779158 230717065  TSLO
ABDGK i1 = 78  i2 = 15
1 433 961 1 389 915 1 371 893 1 286 808 1 207 725 1 163 681 1 155 673 1 70 586 1 47 561 1 -52 463 1 -78 437 1 -167 346 1481785668 1297566804 1314342480 1291862272 1179779158 -2039121675  DARXTLWMPFWN
CDFIM i1 = 64  i2 = 30
901 -26 -27 8101 508 72901 4167 656101 38739 5904901 398749 1 -87 257 1 -127 215 1 -177 165 1 -239 101 0 12 4 0 12 -27 0 12 -116 0 10 -133 0 10 -200 0 8 -272 0 7 -326 0 6 -413 0 5 -437 1096046919 1514555466 1330334803 1291845701 1179779158 333639555 ffffffffffffffffffff GYTAJHFZSLKOE
DEGJN i1 = 10  i2 = 6
38 138 -128 1 806 932 1 765 891 1 755 879 1 735 859 1 717 841 1 633 757 1 627 749 1 616 734 1 543 657 1497910097 1095256146 1330315331 1291845701 1179779158 -717233386 fff QKHYRHHAC
CDFIM i1 = 44  i2 = 26
676 230 6084 80 1 203 300 1 152 247 1 143 238 1 139 234 1 108 199 1 72 161 1 61 146 1246775886 5786707 1330315331 1291845701 1179779158 -312218804 ffffff NJPJSLX
IJLOS i1 = 52  i2 = 29
841 258 1 788 987 1246756930 5786707 1330315331 1291845701 1179779158 -1013955765 fff B
HIKNR i1 = 27  i2 = 16
1 364 551 1 282 469 1 265 448 1 235 418 1 224 405 1 163 340 1 143 318 1515476565 5786202 1330315331 1291845701 1179779158 -1522178735  UVTZZJX
JKMPT i1 = 52  i2 = 30
901 252 8101 792 72901 4549 656101 38367 5904901 397593 53144101 5312628 1 86 391 1 63 366 1 46 347 1 -24 275 1 -24 271 1 -65 226 1431983682 19530 1330315331 1291845701 1179779158 1458173112 ffffffffffffffffffff BVZUJL
CDFIM i1 = 81  i2 = 9
1431983616 19530 1330315331 1291845701 1179779158 5901313  
JKMPT i1 = 62  i2 = 5
25 47 29 1 400 569 1 329 496 1 233 400 1 183 350 1 89 256 1 84 247 1 11 170 1 -12 145 1 -48 107 0 5 26 0 4 -72 1163215194 1346913874 4538690 1291845701 1179779158 536717453 f ZAUERFHPBAE
FGILP i1 = 19  i2 = 1
4 16 -117 1 802 933 1 772 903 1 763 894 1 674 805 1 671 802 1 626 755 1 532 657 1094992449 4473434 4538690 1291845701 1179779158 1264997450 f ABDAZBD
GHJMQ i1 = 41  i2 = 15
226 -4 123 2025 14 1 802 913 1 754 861 1 727 834 1 638 745 1 604 707 1313754949 4456537 4538690 1291845701 1179779158 -1768449338 ffff EONNY
ABDGK i1 = 88  i2 = 16
257 40 -2 0 2304 -38 20736 1008 186624 9014 1679616 93299 15116544 1039956 136048896 16788059 1 -105 549 1 -202 450 1 -236 416 1 -247 403 1 -310 338 1 -366 280 1 -419 223 1 -431 209 1 -451 189 1 -474 164 1 -479 159 1 -495 139 1 -571 64 1 -587 46 0 4 -5 1195656787 1364414030 1464027472 5656136 1179779158 -857386192 ffffffffffffffffffff SFDGNNSQPICWHNV
CDFIM i1 = 47  i2 = 13
170 8 8 1521 266 1 425 556 1 425 556 1 389 516 1 363 490 1 315 440 1 231 356 1 196 319 1 103 226 1 48 167 1 16 131 1398295632 1129535570 1459640132 5656136 1179779158 391831696 ffff PLXSRXSCDW
HIKNR i1 = 27  i2 = 27
1 674 997 1 611 930 1 546 861 1 497 808 1330665542 1129535488 1459640132 5656136 1179779158 1568231266  FXPO
EFHKO i1 = 39  i2 = 19
1 265 631 1 186 550 1 109 472 1 84 445 1229145666 1129535488 1459640132 5656136 1179779158 1341826227  BFCI
JKMPT i1 = 86  i2 = 3
9 77 24 82 64 730 13 1 317 552 1 237 470 1 177 406 1 94 319 1314144597 1129535488 1459640132 5656136 1179779158 -1856940086 fff UATN
HIKNR i1 = 5  i2 = 23
531 246 4763 40 42851 2346 385643 21261 1 -28 54 0 6 -26 0 6 -46 0 4 -61 1146571353 1129535488 1459640132 5656136 1179779158 -1367598241 ffffffffffffffffffff YJWD
CDFIM i1 = 52  i2 = 9
81 25 -63 -61 730 -10 6562 62 1 742 1000 1 679 937 1 615 873 1 580 836 1 528 780 1 449 697 1 416 664 1 402 650 1 397 645 1 394 638 1 338 578 1 331 567 1112820042 1364611158 1129142091 5656064 1179779158 -335338883 fffff JITBVPVQKWMC
CDFIM i1 = 57  i2 = 14
1 -112 281 0 12 202 0 10 134 0 8 71 0 7 -23 0 7 -105 0 7 -149 0 7 -164 0 5 -173 0 4 -199 1195465042 1179468609 1124090455 5656064 1179779158 -886717191  RYAGACMFWB
DEGJN i1 = 53  i2 = 3
9 44 1195464960 1179468609 1124090455 5656064 1179779158 43532801 f 
DEGJN i1 = 20  i2 = 26
677 110 -22 -20 1 160 251 1 162 249 1 111 196 1 81 166 1 10 91 0 5 12 0 4 -46 1280398148 5064531 1124090455 5656064 1179779158 -2121351823 fff DSQLSGM
FGILP i1 = 19  i2 = 3
9 10 4 83 -2 731 94 6563 457 1 113 295 1 91 269 1275087705 5064531 1124090455 5656064 1179779158 1217334007 ffffffffff YK
GHJMQ i1 = 1  i2 = 18
325 190 -27 1 443 511 1 434 498 1 336 400 1 299 363 1 271 335 1 271 331 1 224 280 1 199 255 1 133 189 1 121 177 1 26 82 0 7 24 0 5 9 0 4 -69 1465208652 1280398414 1095259973 16709 1179779158 -671255535 fffffff LOUWNTQLEWHAEA
DEGJN i1 = 62  i2 = 4
16 50 -114 144 31 1 815 929 1 776 886 1 690 796 1 645 747 1297370190 1280398336 1095259973 16709 1179779158 -539313415 ff NLTM
IJLOS i1 = 37  i2 = 26
677 76 -82 6085 280 54757 3529 492805 27457 4435237 293818 39917125 3783000 359254117 99804927 -1061680251 -1615662990 -965187675 -589896432 -96754491 18354611 -870790427 921569243 1 551 702 1 537 688 1 471 620 1 402 551 1 389 534 1279873864 1280376899 1095259973 16709 1179779158 -1478494864 ffffffffffffffffffff HSILC
ABDGK i1 = 99  i2 = 15
1 630 1211 1 556 1135 1 503 1082 1 438 1015 1 407 980 1 407 980 1 387 958 1 352 921 1 313 878 1515280456 1380991570 1095237698 16709 1179779158 -531856216  HXQZRBPRB
ABDGK i1 = 55  i2 = 5
26 40 -55 1 70 247 1 70 247 1 -27 150 1 -62 111 1 -64 109 1 -75 98 1 -99 75 0 6 -11 0 6 -94 0 5 -155 0 4 -232 1162561869 1431130950 4344135 16709 1179779158 517117703 f MIKEFSMUGIB
DEGJN i1 = 74  i2 = 22
487 8 96 4357 98 39205 1193 352837 20459 1 537 902 1 454 817 1157650761 1431130950 4344135 16709 1179779158 -246905229 ffffffffffffffffffff IY
BCEHL i1 = 33  i2 = 3
1 305 529 1 232 452 1 143 361 1 73 292 1 52 267 1 43 256 1 5 216 1179537754 5853003 4344135 16709 1179779158 -756354033  ZQNFKOY
DEGJN i1 = 1  i2 = 25
628 295 83 85 5625 247 50625 2615 1 736 885 1 713 862 1 664 809 1 638 781 1 630 771 1 621 762 1 529 666 1 527 664 1 451 588 1 380 517 1 314 451 1 252 389 1 240 373 1 216 345 1162298689 1195857478 1297635661 19546 1179779158 12767017 ffffffffffffffffffff AEGEFVGGMYXMZL
EFHKO i1 = 21  i2 = 23
1 272 462 1 180 366 1 158 342 1 64 247 1 54 233 1145459274 1195835458 1297635661 19546 1179779158 575759526  JRFDB
FGILP i1 = 56  i2 = 8
65 32 33 35 37 577 -16 1 420 573 1 322 475 1 231 384 1 226 375 1 166 311 1 102 243 1 8 147 1 -40 95 1515539018 1448495450 1297635584 19546 1179779158 -805713504 ff JJUZZIVV
JKMPT i1 = 100  i2 = 4
17 88 145 77 1297 7 1 857 1004 1 809 954 1 754 897 1 685 826 1 650 789 1398035801 1448476737 1297635584 19546 1179779158 664011149 fff YUTSA
EFHKO i1 = 56  i2 = 17
290 5 2602 118 23410 1463 1 231 372 1 187 328 1 167 308 1 100 241 1 20 161 1 -7 134 1 -37 100 1514297413 5134425 1297635584 19546 1179779158 -722189384 fffffffffff EXBZYXN
BCEHL i1 = 26  i2 = 1
3 23 11 22 83 20 1 371 525 1514274897 5134425 1297635584 19546 1179779158 -1897784926 fff Q
DEGJN i1 = 22  i2 = 27
731 114 1 230 336 1 186 292 1 139 241 1 98 200 1 32 134 1 -34 64 1464752455 20034 1297635584 19546 1179779158 -547439002 fff GYNWBN
JKMPT i1 = 23  i2 = 10
100 -7 -17 -15 900 192 8100 196 72900 3405 656100 36560 5904900 405887 53144100 5545044 478296900 151756374 1 200 509 1 120 425 1 64 369 1 50 351 1 17 318 1 -55 242 1 -127 170 1 -131 162 1 -139 154 1 -156 137 1 -204 85 1145784149 1515082832 4478798 19546 1179779158 256302006 ffffffffffffffffffff UGKDPTNZNWD
CDFIM i1 = 84  i2 = 16
1 878 1061 1 801 984 1 797 980 1 721 904 1 687 868 1 645 824 1 635 810 1 573 746 1 494 665 1 446 615 1 365 532 1145983811 1431327299 5786689 19546 1179779158 1155871793  CSNDCRPUALX
JKMPT i1 = 55  i2 = 4
16 43 75 144 32 1 496 640 1 477 619 1 446 586 1 399 539 1 373 511 1229936452 1431306313 5786689 19546 1179779158 1328039313 ff DWOII
GHJMQ i1 = 43  i2 = 2
7 37 39 43 327 16 2919 296 1 -38 234 1 -123 147 1 -199 69 0 8 -12 0 7 -49 0 5 -78 1346458454 1426084181 5786689 19546 1179779158 1543779653 ffffff VSAPUQ
FGILP i1 = 19  i2 = 4
17 7 -104 145 174 1297 2 11665 1089 104977 5384 944785 54232 8503057 618080 76527505 8931767 688747537 268952858 1903760529 -1457395424 -46024431 987743771 -414219887 8117143 566988305 248297470 1 -117 189 1 -213 89 0 8 25 0 8 -1 0 6 -13 0 5 -51 0 5 -148 0 4 -193 1498432326 1363298647 5786624 19546 1179779158 -1942411887 ffffffffffffffffffff FCPYWIBQ
CDFIM i1 = 3  i2 = 28
1498432256 1363298647 5786624 19546 1179779158 1314257921  
BCEHL i1 = 17  i2 = 21
444 14 88 3971 259 35723 2101 321491 15737 2893403 177939 26040611 2227036 234365483 55001594 2109289331 -1386952084 1 251 610 1 178 535 1 178 535 1 164 517 1 68 421 1 -17 334 1 -88 259 1 -167 180 1 -204 141 1 -244 97 1464031809 1095451214 22098 19546 1179779158 -707077025 ffffffffffffffffffff AZCWNBKARV
EFHKO i1 = 74  i2 = 20
400 14 114 116 118 120 3601 252 32401 1181 291601 17119 2624401 165125 23619601 1919721 1 338 652 1 327 637 1 240 548 1 168 476 1 87 391 1 48 348 1 -20 280 1 -111 187 1 -163 131 1 -251 40 0 5 -17 0 5 -52 0 4 -109 1497515601 1314537817 1447708483 70 1179779158 622426729 ffffffffffffffffffff QFBYYAZNCGJVF
BCEHL i1 = 37  i2 = 25
625 79 1 -37 77 1497497669 1314537817 1447708483 70 1179779158 1286350959 fff E
JKMPT i1 = 84  i2 = 10
1 173 570 1 132 527 1 117 508 1 54 441 1481002585 1314537728 1447708483 70 1179779158 1480404590  YNFX
BCEHL i1 = 50  i2 = 8
65 26 113 578 -17 1 748 890 1 714 854 1 642 782 1 613 749 1 541 675 1 499 631 1 439 571 1 430 562 1 396 528 1 398 526 1313882437 1413958211 1442862424 70 1179779158 220509904 ff EAPNCJGTXU
HIKNR i1 = 58  i2 = 25
626 -17 -9 -7 1 418 537 1 416 531 1 317 432 1 260 371 1 242 349 1 188 295 1 182 289 1 121 228 1 64 169 1 37 138 1262769488 1431782212 1442861893 70 1179779158 218431088 f PUDKDCWUES
DEGJN i1 = 23  i2 = 14
197 68 -16 -14 -12 1 694 775 1 606 685 1 512 589 1 503 580 1 437 512 1 388 463 1 330 405 1 279 354 1 247 322 1 217 290 1 196 265 1 111 176 1 82 145 1 -12 49 0 6 -45 0 6 -52 0 6 -98 0 6 -168 0 6 -252 0 6 -336 0 5 -421 0 5 -445 0 4 -486 0 2 -563 1179274057 1095648332 1431129161 1213613146 1161910611 -2010097158 fff IKJFLDNAILMUZDVHSYAE
EFHKO i1 = 15  i2 = 12
1 648 932 1 616 900 1 589 873 1 585 867 1 506 784 1 408 686 1 320 596 1 245 521 1 241 517 1 238 514 1 212 488 1 115 392 1 45 318 1 -39 234 0 6 199 0 4 171 1314210115 1196706636 1380273741 1229672265 1161910528 66923884  CAUNLKTGMNERIOKI
HIKNR i1 = 44  i2 = 10
100 14 -87 -85 903 222 8103 594 72903 3141 656103 36240 5904903 408650 53144103 5433824 478296903 153384271 1 363 708 1 277 622 1 249 594 1 247 588 1 151 488 1 56 393 1 33 370 1 20 357 1 -21 316 1 -37 300 1 -56 281 1 -57 280 1 -156 181 1 -198 135 1 -234 99 0 6 17 0 4 -32 1296456015 1380008271 1279677780 1330201418 1161887829 250507906 ffffffffffffffffffff OYFMOAARTUFLJCIOU
EFHKO i1 = 2  i2 = 10
100 83 5 900 42 8100 531 72900 3930 1 694 826 1 597 727 1 549 675 1 524 646 1 494 614 1 492 610 1 477 591 1430669910 4543567 1279677780 1330201418 1161887829 -1597085639 ffffffffffffffffffff VJFUOTE
CDFIM i1 = 70  i2 = 10
101 40 -123 900 -20 1 295 426 1 202 329 1 158 283 4676176 4543567 1279677780 1330201418 1161887829 420855841 ff PZG
JKMPT i1 = 34  i2 = 2
7 28 8 10 1 113 281 1 73 239 1 69 231 1 -17 145 1 -98 60 0 8 -19 0 6 -58 0 6 -67 0 4 -84 1514556996 1413634640 1279656014 1330201418 1161887829 1492222152 f DNFZPZBTN
HIKNR i1 = 99  i2 = 16
1514556928 1413634640 1279656014 1330201418 1161887829 1221181441  
ABDGK i1 = 48  i2 = 21
1514556928 1413634640 1279656014 1330201418 1161887829 1740924417  
IJLOS i1 = 38  i2 = 26
677 200 -125 6085 50 54757 2223 1 558 682 1 510 632 1 500 622 1 437 555 1 411 527 1 339 451 1180256084 1409303891 1279656014 1330201418 1161887829 -388917160 fffffffffffffff TGYFSE
ABDGK i1 = 50  i2 = 29
842 248 7570 355 68122 4008 613090 34122 5517802 358596 49660210 4972684 446941882 139436414 -272490366 70745206 1 728 923 1 666 857 1 646 835 1 559 748 1 472 659 1 450 637 1 355 542 1 281 464 1246380887 1464355905 1279655936 1330201418 1161887829 1025739964 ffffffffffffffffffff WCJJALHW
GHJMQ i1 = 17  i2 = 18
324 26 -8 -6 2916 56 26244 2011 236196 12068 2125764 132965 1 75 266 1 -2 187 1 -55 132 1 -115 72 0 13 -27 0 13 -103 0 12 -156 0 10 -214 0 8 -305 0 7 -393 0 7 -442 0 7 -506 0 6 -575 0 4 -651 1096111951 1145460825 1213222488 1325417041 1161887829 -1874624619 ffffffffffffffffffff OWUAYXFDXNPHQB
EFHKO i1 = 21  i2 = 24
1 335 482 1 252 395 1 218 361 1 180 323 1 127 268 1380009802 1145438282 1213222488 1325417041 1161887829 -1239503119  JGARJ
BCEHL i1 = 63  i2 = 17
1 104 321 1 106 319 1 30 241 1 -11 198 1 -91 119 0 5 52 0 5 12 0 4 -74 1129467984 1414420810 1213222400 1325417041 1161887829 -252794207  PPRCJYNT
BCEHL i1 = 37  i2 = 22
486 91 49 4358 78 39206 2577 352838 19318 3175526 201992 28579718 2519358 257217446 63504050 -1980010298 5179258 -640223514 2044866993 -1467044346 738451464 -318497242 -412454773 1428492102 -1747082321 1 -88 331 1 -92 325 1 -142 273 1 -216 195 1 -254 155 1 -310 97 0 8 27 0 6 -48 0 5 -58 0 4 -72 1095388485 1129731399 1207982148 1325417041 1161887829 2133645853 ffffffffffffffffffff EMJAGUVCDX
FGILP i1 = 90  i2 = 23
1 560 1043 1 496 977 1 426 905 5134921 1129731399 1207982148 1325417041 1161887829 354309550  IZN
BCEHL i1 = 49  i2 = 18
324 -5 -32 -30 -28 2918 74 26246 1169 236198 12763 1 298 500 1 226 426 1 155 355 1 77 275 1 22 218 1 19 213 1 -40 150 1280067402 5262935 1207982148 1325417041 1161887829 349964009 ffffffffffffffffffff JGLLWNP
EFHKO i1 = 40  i2 = 11
121 7 -23 -21 1089 86 1 415 516 1 359 460 1 274 371 1 232 327 1 135 226 1 125 212 1 77 160 1 -3 80 0 7 21 0 5 5 0 4 -29 0 3 -98 1398098520 1180129353 1196376397 1325416960 1161887829 972800009 ffff XJUSIXWFMAOG
DEGJN i1 = 61  i2 = 23
531 -8 41 4763 46 1 106 330 1 15 235 1 -56 162 1 -135 79 0 7 -5 0 6 -43 0 5 -106 0 3 -111 1113217354 1112098373 1196376320 1325416960 1161887829 1310483884 ffff JYZBEFIB
EFHKO i1 = 91  i2 = 22
485 25 4357 368 39205 1633 1113217280 1112098373 1196376320 1325416960 1161887829 -347798527 fffffffffff 
EFHKO i1 = 39  i2 = 8
1 198 294 1 194 290 1 175 267 1 133 225 1 120 212 1 50 142 1 -22 67 0 4 -29 0 3 -118 1498890831 1112430663 1196359758 1325416960 1161887829 -893775239  OBWYGXNBN
BCEHL i1 = 5  i2 = 11
122 8 -114 -112 1 365 432 1 301 364 1 271 330 1 202 261 1 141 196 1 139 192 1 107 158 1 70 121 1 21 72 0 4 -10 0 2 -63 1195723075 1464354890 5129294 1325416960 1161887829 804155811 fff CIEGJHHWNDN
BCEHL i1 = 2  i2 = 22
486 173 123 4356 444 1 572 654 1 512 592 1 426 502 1 405 479 1 394 468 1 394 466 1 368 440 1 368 436 1 290 356 1 245 307 1 231 293 1 218 276 1481527896 1296454484 1347109210 1325416960 1161887829 -1725472736 ffffffffff XRNXTSFMZAKP
CDFIM i1 = 4  i2 = 17
289 66 9 0 -38 39 0 11 -48 0 11 -51 0 11 -63 0 10 -147 0 8 -160 0 7 -188 0 5 -251 0 3 -285 1364021832 1330595668 1347092563 1325416960 1161887829 1691273392 fff HRMQTGOOS
FGILP i1 = 73  i2 = 13
169 34 28 30 1 -59 41 0 4 -55 0 2 -138 4801113 1330595668 1347092563 1325416960 1161887829 187243407 f YBI
EFHKO i1 = 41  i2 = 5
27 26 -76 227 4 2027 110 18227 427 1 233 450 1 150 367 1 130 347 1 65 278 1 57 268 1 14 223 1 -57 152 1 -137 68 1 -147 54 1 -158 39 1112361794 1128481099 1342198863 1325416960 1161887829 -930079020 ffffffffff BKMBKACCOT
ABDGK i1 = 72  i2 = 27
1 735 1255 1 711 1229 1 679 1193 1 648 1162 1 596 1106 1 560 1068 1296908633 1124095057 1342198863 1325416960 1161887829 1970384170  YAMMQT
ABDGK i1 = 50  i2 = 29
842 248 2 4 7570 645 68122 3735 613090 36170 5517802 374025 1 666 804 1 604 738 1 509 641 1 489 621 1 446 574 1 354 478 1 300 422 1 266 386 1 173 289 1396987478 1279870536 1342177357 1325416960 1161887829 505715034 ffffffffffffffffffff VVDSHFILM
BCEHL i1 = 20  i2 = 5
27 5 64 66 228 -13 2028 152 1 -128 82 1 -168 41 0 15 -26 0 13 -97 0 12 -108 0 10 -129 0 9 -223 0 7 -309 0 6 -370 0 4 -429 1498105167 1447515990 1342194501 1325416960 1161887829 1142203899 fffff OEKYVWGVEC
EFHKO i1 = 48  i2 = 9
1 516 898 1 502 880 1 499 873 1 465 837 1 394 766 1 338 708 1 270 640 1 172 540 1180193362 1330466122 1342194432 1325416960 1161887829 1800449703  RRXFJMMO
CDFIM i1 = 100  i2 = 20
402 40 -54 3602 372 32402 682 1 303 736 1 294 723 1 212 639 4412495 1330466122 1342194432 1325416960 1161887829 -1441692691 fffffffff OTC
GHJMQ i1 = 24  i2 = 10
1 687 1025 1 682 1018 1 634 970 1 584 918 1212827203 1330466048 1342194432 1325416960 1161887829 2025077723  CFJH
EFHKO i1 = 50  i2 = 2
6 44 -117 -115 1 528 666 1 453 591 1 444 580 1 421 555 1 391 525 1 313 447 1 285 415 1 233 363 1 136 262 1163548230 1514230602 1342177357 1325416960 1161887829 1077676872 f FVZEJSAZM
JKMPT i1 = 6  i2 = 30
1 -7 111 0 10 77 0 10 -21 0 9 -91 0 7 -94 0 6 -139 0 4 -146 0 3 -218 1247232833 1498762562 1342177280 1325416960 1161887829 -1237720673  ACWJBMUY
JKMPT i1 = 16  i2 = 4
16 4 78 144 -7 1296 50 11664 853 104976 5004 944784 55955 8503056 609391 76527504 8665670 688747536 263413515 1903760528 1672504497 -46024432 985455905 1 717 897 1 684 860 1 602 774 1 583 751 1 554 722 1 516 684 1 465 631 1 395 559 1381388110 1465143642 1342177280 1325416960 1161887829 -893571607 ffffffffffffffffffff NOVRZQTW
GHJMQ i1 = 90  i2 = 26
1381388032 1465143642 1342177280 1325416960 1161887829 1556350465  
DEGJN i1 = 37  i2 = 25
626 79 31 5625 92 50625 2485 455625 24231 4100625 260521 1 6 299 1 -41 252 1 -95 198 1 -99 190 1296453714 1465143552 1342177280 1325416960 1161887829 1253842354 ffffffffffffffffffff RPFM
DEGJN i1 = 41  i2 = 15
225 -4 100 2025 62 18225 513 164025 8510 1476225 83527 13286025 985962 1 -121 134 1 -190 66 0 -214 38 0 6 1 0 4 -33 1347963459 1465122885 1342177280 1325416960 1161887829 -694671413 ffffffffffffffffffff CJXPE
CDFIM i1 = 100  i2 = 17
291 49 2603 -46 1 169 426 1 136 393 1 68 321 5260356 1465122885 1342177280 1325416960 1161887829 1609668937 ff DDP
EFHKO i1 = 7  i2 = 22
484 127 117 4356 -22 39204 2067 352836 17374 3175524 203558 28579716 2553480 257217444 63552733 -1980010300 7774305 -640223516 1969647747 -1467044348 744593890 -318497244 300207383 1428492100 1727829189 -28472988 1670867786 1 217 408 1 140 331 1 122 313 1 77 268 1 22 211 1 -2 187 1 -50 139 1 -140 50 0 13 18 0 11 0 0 11 -33 0 9 -99 0 8 -194 0 7 -202 0 6 -246 0 4 -263 0 4 -323 0 4 -381 0 3 -409 1381652811 1498760527 1313489489 1381257305 5197399 -438298633 ffffffffffffffffffff KYZROEUYQBJNYPTRWNO
BCEHL i1 = 56  i2 = 17
289 5 -64 -62 2603 86 23411 1303 1 529 759 1 451 679 1 445 671 1 358 582 1 313 533 1096436803 1498742863 1313489489 1381257305 5197399 1506637891 fffffffffff CLZAO
ABDGK i1 = 45  i2 = 11
1 766 972 1 698 900 1090538061 1498742863 1313489489 1381257305 5197399 -1777966434  MJ
ABDGK i1 = 85  i2 = 13
171 46 -36 -34 1522 -29 13690 981 123202 6179 1 730 1019 1 724 1009 1 688 969 1 629 906 1 546 821 1145195594 1498742867 1313489489 1381257305 5197399 -1989699387 ffffffffffffffffffff JLBDS
EFHKO i1 = 92  i2 = 18
327 38 -32 1 134 518 1 43 425 1 39 421 1 -24 358 1 -101 281 1 -197 181 1 -233 145 1 -251 123 1 -261 111 0 4 18 1229280330 1296974916 1308642134 1381257305 5197399 1574917844 f JTEIDDNMVK
HIKNR i1 = 78  i2 = 10
1 198 616 1 173 587 1224759369 1296974916 1308642134 1381257305 5197399 -1274616396  IX
DEGJN i1 = 50  i2 = 28
784 251 31 33 35 37 39 7056 538 63504 4017 571536 32918 5143824 339385 46294416 4553109 416649744 126250789 -545119600 -784694862 1 420 580 1 362 522 1 325 485 1 261 419 1 204 360 1 158 310 1 115 267 1 46 194 1 -42 106 1 -56 92 0 3 -9 1515016262 1212825928 5329231 1381257305 5197399 -1863255895 ffffffffffffffffffff FPMZHAJHOQQ
DEGJN i1 = 56  i2 = 12
144 20 8 1297 288 1 9 276 1 8 271 1 -22 239 1 -93 164 1 -148 105 1 -218 31 0 7 1 0 7 -86 0 5 -156 1279935300 1415006552 5308498 1381257305 5197399 -1912790511 ffff DCJLXIWTR
FGILP i1 = 5  i2 = 15
226 -10 -22 2025 -18 18225 470 1 665 801 1 574 710 1 493 627 1 414 548 1 368 498 1 359 489 1 346 476 1 318 444 1 280 402 1 236 356 1 151 271 1 71 191 1 64 184 1 43 163 1 -43 78 0 5 16 0 3 -58 1246844494 1314543958 1346719828 1364872279 5177423 626725580 fffffffffffffff NVQJVYZNTPEPWLZQO
DEGJN i1 = 95  i2 = 30
901 5 35 37 39 41 1 437 563 1 397 521 1 360 480 1 323 443 1 280 398 1 212 328 1 143 255 1 78 188 1230066762 1128354625 1346719744 1364872279 5177423 -963141115 f JTQIASAC
CDFIM i1 = 71  i2 = 26
676 -7 -83 -81 -79 -77 6084 180 54756 2633 492804 25871 1 352 710 1 259 615 1 243 597 1 208 562 1 115 469 1 89 441 1 73 423 1 4 350 1 -58 288 1 -132 212 1161910596 1094997338 1342199384 1364872279 5177423 852036665 ffffffffffffffffffff DYAEZUDAXV
CDFIM i1 = 28  i2 = 24
576 156 78 80 5185 14 46657 2047 419905 22327 3779137 247709 1 483 613 1 477 605 1 413 541 1 361 487 1 295 419 1 221 343 1 169 291 1 152 274 1 78 198 1 66 186 1 1 117 0 6 23 0 5 -9 0 5 -53 0 3 -61 1129795913 1112359247 1179862355 5785687 5177423 489932553 ffffffffffffffffffff IQWCOAMBSESFWHX
BCEHL i1 = 92  i2 = 23
530 23 1 441 577 1 406 542 1 382 516 1 304 436 1 229 361 1 211 341 1413699157 1107316562 1179862355 5785687 5177423 -1239005974 f UVCTRO
BCEHL i1 = 73  i2 = 6
36 55 324 22 1413699072 1107316562 1179862355 5785687 5177423 1385982977 ff 
GHJMQ i1 = 79  i2 = 17
291 28 1 3 2603 308 1 89 272 1 83 264 1 43 220 1 -26 151 1 -75 100 1112168774 1107296335 1179862355 5785687 5177423 1021228461 ffff FYJBO
HIKNR i1 = 13  i2 = 1
4 10 17 9 20 1 -93 44 1112146006 1107296335 1179862355 5785687 5177423 -36828909 ff V
HIKNR i1 = 68  i2 = 25
626 -7 -33 -31 1 390 504 1 315 425 1 268 374 1 193 297 1 136 238 1 118 218 1 73 171 1 -21 77 1 -35 59 1128813889 1329677393 1179844679 5785687 5177423 -1238304245 f AUHCQDAOG
DEGJN i1 = 52  i2 = 19
361 -5 -103 -101 -99 3250 22 29242 995 263170 13374 2368522 139402 21316690 1757597 191850202 35380210 1726651810 -834020053 -1640002902 217864424 -1875124238 1094345758 303751034 151093522 1 743 959 1 659 871 1 611 819 1 521 727 1 432 636 1 373 575 1 349 551 1 263 465 1 250 452 1 214 412 1465401678 1397115470 1174428234 5785687 5177423 1346489359 ffffffffffffffffffff NAXWNJFSJZ
CDFIM i1 = 48  i2 = 22
1465401600 1397115470 1174428234 5785687 5177423 -2067742207  
CDFIM i1 = 31  i2 = 15
225 -14 -21 1 395 537 1 335 473 1 287 425 1 273 411 1 223 357 1 192 326 1 185 319 1 103 233 1363693641 1498761298 1174428160 5785687 5177423 -1821623893 f IPHQRHUY
ABDGK i1 = 56  i2 = 29
842 278 118 120 7570 771 1 795 943 1 754 898 1 724 864 1 725 861 1 651 787 1 615 749 1 523 653 1398167622 5851462 1174428160 5785687 5177423 -150470817 ffffffff FXVSFIY
DEGJN i1 = 54  i2 = 5
1 -9 262 1 -100 168 1392529483 5851462 1174428160 5785687 5177423 -586894235  KP
DEGJN i1 = 17  i2 = 2
5 11 125 127 38 16 326 210 2918 10 26246 1333 236198 12765 2125766 131174 1 -79 152 1 -138 91 1 -191 39 0 10 0 0 10 -75 0 9 -147 0 7 -213 0 5 -223 0 4 -247 1497780549 1346654533 1174405193 5785687 5177423 -1360977443 ffffffffffffffffffff EQFYEQDPI
JKMPT i1 = 97  i2 = 3
10 88 -56 -54 1 377 748 1 310 679 1 216 581 1 206 567 1 196 557 1 173 534 1 169 526 1112752470 4806981 1174405193 5785687 5177423 -20454381 f VASBEYI
GHJMQ i1 = 3  i2 = 25
1 359 603 1 290 532 1 252 494 1 167 406 1 118 353 1 59 290 1196182607 20042 1174405193 5785687 5177423 -480617690  OLLGJN
ABDGK i1 = 70  i2 = 14
197 28 -61 -59 -57 1767 324 15879 520 142887 8046 1285959 78449 11573607 859777 104162439 12756032 937461927 601279066 -152777273 686816192 -1374995481 2118631734 509942535 278270046 294515495 1613731030 -1644327865 1986686343 -1914048921 122358247 1 -56 469 1 -90 431 1 -138 381 1 -168 347 1 -221 294 1 -232 281 1 -306 205 1 -404 107 1 -412 95 1 -476 29 0 6 -6 0 5 -67 1515866699 1112098380 1448363846 5785600 5177423 1504923359 ffffffffffffffffffff KJZZLFIBFGTV
JKMPT i1 = 42  i2 = 27
1 856 1207 1 758 1109 1 746 1097 1 685 1036 1 672 1021 1 577 926 1 497 844 1 404 747 1 359 698 1 354 693 1 262 597 1 183 519 1 126 462 1 32 364 1381522009 1111837005 1397968207 21843 5177423 -1353611421  YZXRMIEBOMSSSU
HIKNR i1 = 99  i2 = 17
1 473 840 1 433 800 1 346 713 1 304 667 1146116697 1111836928 1397968207 21843 5177423 -1990852631  YZPD
HIKNR i1 = 2  i2 = 2
5 116 -96 36 34 324 58 2916 304 26244 2011 236196 11884 1 503 713 1 498 706 1 454 660 1 356 562 1 358 560 1212567373 1111818307 1397968207 21843 5177423 -514921057 ffffffffffffffffffff MOFHC
DEGJN i1 = 2  i2 = 8
66 92 92 94 576 10 5184 576 1 782 877 1 686 777 1 676 767 1 617 704 1380075345 1111818240 1397968207 21843 5177423 -807905103 fffffffffff QGBR
DEGJN i1 = 76  i2 = 14
198 34 79 81 1 418 636 1 324 540 1 325 539 1 245 455 1 214 422 1 173 377 1 118 320 1 79 277 1481002840 1515865924 1397968128 21843 5177423 -149813024 f XOFXDGZZ
CDFIM i1 = 45  i2 = 9
1481002752 1515865924 1397968128 21843 5177423 444122881  
ABDGK i1 = 4  i2 = 20
403 54 -51 -49 -47 -45 3602 -58 1 99 236 1 65 202 1 51 184 1 2 133 1 -30 97 1 -45 78 1313626444 1509971278 1397968128 21843 5177423 688675920 ffffff LYLNNU
GHJMQ i1 = 18  i2 = 20
1 220 373 1 190 339 1 188 335 1 153 296 1 150 289 1212700498 1509949526 1397968128 21843 5177423 -252414151  RWHHV
JKMPT i1 = 91  i2 = 2
7 85 -18 36 88 324 61 1 375 767 1 371 763 1 279 669 1 249 635 1 229 615 1 198 582 1 127 509 1 106 484 1 79 453 1264076353 1363558983 1397948484 21843 5177423 -1378061022 fff AFXKGBFQD
GHJMQ i1 = 21  i2 = 19
1 470 533 1264058446 1363558983 1397948484 21843 5177423 -1752693301  N
ABDGK i1 = 4  i2 = 10
101 93 68 70 901 208 8101 76 1 524 602 1 429 507 1 339 415 1 255 329 1 174 246 1 102 172 1 102 170 1 54 122 1 28 92 1229018456 1380666200 1397948481 21843 5177423 1122501329 fffffffffffff XUAIXKKRA
EFHKO i1 = 68  i2 = 22
486 2 4 1 323 545 1 237 457 1 200 420 1 131 347 1 77 291 1 58 268 1 -22 186 1 -27 177 1 -99 101 1296584024 1229478487 1397948505 21843 5177423 -649600672 f XMHMWZHIY
IJLOS i1 = 39  i2 = 16
1 415 683 1 372 636 1 306 566 1 283 543 1 187 445 1 157 415 1 122 376 1398098242 4872787 1397948505 21843 5177423 -1610761120  BIUSSZJ
DEGJN i1 = 97  i2 = 27
729 16 -84 -82 6561 278 1 199 449 1 104 354 1 102 350 1 83 327 1 -15 227 1 -31 209 1 -34 202 1 -52 182 1145786701 1297045330 1397948416 21843 5177423 -1493411793 ffff MQKDRWOM
JKMPT i1 = 39  i2 = 11
1 131 276 1145765964 1297045330 1397948416 21843 5177423 -844428851  L
FGILP i1 = 100  i2 = 12
146 64 1298 -8 11666 58 104978 4639 1 -300 121 1 -359 58 0 11 22 0 9 -49 0 9 -124 0 7 -146 0 6 -214 0 4 -300 1314015831 1161974340 1397948416 21843 5177423 559335164 ffffffffffffffff WJRNDRBE
BCEHL i1 = 97  i2 = 25
626 22 124 126 1 530 686 1 471 627 1 445 599 1 398 552 1 309 459 1 286 436 1 241 389 1094800966 5657178 1397948416 21843 5177423 505693827 f FVAAZRV
DEGJN i1 = 90  i2 = 25
1 358 905 1 296 841 1 276 817 5001034 5657178 1397948416 21843 5177423 375077551  JOL
GHJMQ i1 = 14  i2 = 10
102 143 -117 902 122 8102 148 1 779 950 1 734 901 1 679 846 1 608 771 1 574 733 1296322379 5636163 1397948416 21843 5177423 2049106767 fffffffffff KODMC
EFHKO i1 = 5  i2 = 8
64 20 576 240 5184 558 46656 2675 419904 25704 3779136 270801 34012224 3178484 306110016 82956423 -1539977152 1989373566 -974892480 -75311412 1 284 387 1 245 344 1291866193 5636163 1397948416 21843 5177423 -353477688 ffffffffffffffffffff QP
ABDGK i1 = 57  i2 = 19
1291866112 5636163 1397948416 21843 5177423 1846272001  
DEGJN i1 = 99  i2 = 17
1 343 881 1 261 795 1291864904 5636163 1397948416 21843 5177423 1460600664  HK
GHJMQ i1 = 77  i2 = 13
170 38 -81 1522 -26 1 66 211 1 -13 130 1 -31 112 1 -74 68 0 4 21 0 3 -28 1263949657 18772 1397948416 21843 5177423 1853221806 ff YWVKTI
CDFIM i1 = 75  i2 = 29
1 -152 308 0 5 207 1258308947 18772 1397948416 21843 5177423 2098695990  SE
BCEHL i1 = 81  i2 = 19
1 740 1163 1 717 1140 1 647 1068 1 607 1026 1 539 958 1 444 861 1 416 831 1 380 793 1263356754 1262836313 1397948416 21843 5177423 762916397  RKMKYZEK
ABDGK i1 = 38  i2 = 6
38 20 326 -5 2918 236 1 -117 172 1 -199 86 0 9 9 0 8 -66 0 8 -127 0 7 -188 0 5 -281 1262769994 5263951 1397948416 21843 5177423 -474106243 fffff JWDKORP
IJLOS i1 = 40  i2 = 13
169 1 -24 1 73 255 1 62 242 1 -22 154 1 -72 100 1 -108 64 0 7 -1 0 7 -68 0 7 -161 0 5 -165 1364871751 1263423297 1397948491 21843 5177423 776204916 f GJZQAONKK
JKMPT i1 = 9  i2 = 11
0 -29 249 0 7 220 0 7 174 0 6 167 0 5 146 1229799756 1263403090 1397948491 21843 5177423 1928686285  LAMIR
GHJMQ i1 = 89  i2 = 11
123 56 -70 1 -19 224 1 -77 166 1 -161 79 1 -182 58 0 10 -19 0 10 -29 0 9 -71 0 8 -126 0 6 -207 0 4 -235 1297699911 1095517782 1392528729 21843 5177423 -251151793 f GTYMVFLAYM
IJLOS i1 = 70  i2 = 11
121 37 28 1089 -26 9801 583 88209 3909 1 -175 67 0 6 39 0 4 -54 5065809 1095517782 1392528729 21843 5177423 437337047 ffffffffffffffffff QLM
HIKNR i1 = 57  i2 = 13
1 624 1086 1 605 1063 1 576 1034 1 544 1000 1 536 990 1 439 889 1 346 792 1095192141 5128518 1392528729 21843 5177423 -237179460  MNGAFAN
HIKNR i1 = 2  i2 = 20
402 182 84 86 3601 -58 32401 1015 291601 16326 2624401 180666 23619601 2051805 212576401 50023381 1913187601 1577624902 38819217 633219093 349372945 580995173 -1150610799 -147516037 -1765562607 454416733 1289805713 474762865 1 13 357 1 -65 279 1 -102 238 1 -103 233 1 -199 133 1 -263 67 1094996054 17994 1392528729 21843 5177423 1960695033 ffffffffffffffffffff VPDAJF
EFHKO i1 = 18  i2 = 14
1 354 551 1 270 467 1 251 444 1 152 345 1 60 254 1 14 208 1 -30 164 0 8 102 0 6 73 0 4 46 1514818887 1213220163 1392528204 21843 5177423 -534744123  GMJZCEPHLK
BCEHL i1 = 3  i2 = 20
1 439 628 1 372 557 1 357 542 1 346 531 1 276 457 1514685530 1213202518 1392528204 21843 5177423 228939529  ZDHZV
GHJMQ i1 = 14  i2 = 21
441 98 52 54 56 1 15 81 1 9 75 1 -23 40 0 9 -44 0 7 -67 0 7 -98 0 6 -162 0 5 -250 0 5 -302 0 3 -344 1129205070 1129861971 1392526161 21843 5177423 -1874524621 fff NMNCSSXCQC
BCEHL i1 = 30  i2 = 15
1 148 244 1 50 144 1 18 113 1 -10 85 0 4 16 0 2 -10 1381188165 1124090178 1392526161 21843 5177423 -757014005  EBSRBA
JKMPT i1 = 94  i2 = 27
730 13 90 92 6561 134 59049 3248 531441 28418 1 -98 361 1 -141 314 1 -235 218 1 -302 151 1 -345 108 0 13 8 0 12 -53 0 12 -144 0 10 -195 0 8 -276 0 7 -327 0 7 -400 0 7 -482 0 6 -493 0 6 -571 0 5 -631 1229408322 1314282073 1514359896 1363952979 5177344 199418755 ffffffffffffffffffff BHGIYZVNXLCZSELQ
FGILP i1 = 22  i2 = 18
325 150 -61 2917 6 1 109 227 1 56 170 1 16 128 1 14 122 1 -10 94 1497779797 1314259027 1514359896 1363952979 5177344 -50650219 ffffff UNFYS
GHJMQ i1 = 66  i2 = 6
1 811 995 1497759820 1314259027 1514359896 1363952979 5177344 793248657  L
FGILP i1 = 7  i2 = 28
784 256 -19 7056 279 63504 3579 571536 35603 1 434 522 1 436 520 1 396 476 1 353 431 1 269 345 1 227 301 1 137 211 1 68 140 1 57 127 1448105557 1381256018 1514340421 1363952979 5177344 -1346578163 ffffffffffffffffffff UVPVRKTRE
CDFIM i1 = 79  i2 = 22
485 13 23 25 27 4356 308 39204 1741 352836 16179 3175524 187814 1 645 816 1 590 759 1 549 714 1 497 658 1 468 627 1 416 571 1 331 486 1 277 428 1296123993 1430344007 1514340352 1363952979 5177344 1296618131 ffffffffffffffffffff YHAMGQAU
GHJMQ i1 = 77  i2 = 15
225 32 2025 -40 18225 909 164025 8472 1 573 878 1 537 838 1291862608 1430344007 1514340352 1363952979 5177344 -394955936 ffffffffffffffffffff PB
JKMPT i1 = 78  i2 = 13
1 897 1199 1 823 1125 1 795 1097 1 740 1038 1 689 987 1 640 938 1 544 838 1465340238 5917517 1514340352 1363952979 5177344 1869553911  NQWWMKZ
HIKNR i1 = 69  i2 = 27
1 417 669 1 327 577 1 263 511 1 172 416 1 123 365 1 70 309 1514425174 19287 1514340352 1363952979 5177344 -2060193262  VKDZWK
DEGJN i1 = 11  i2 = 14
197 20 -46 -44 1764 220 15876 1143 142884 6622 1 99 244 1 59 202 1 26 169 1 16 157 1 -3 134 1 -59 78 0 7 18 0 6 2 0 5 -60 0 5 -82 0 3 -130 1280005465 1179537998 5790027 1363952979 5177344 -345497476 ffffffffffffffffffff YUKLNRNFKYX
DEGJN i1 = 95  i2 = 26
676 17 79 81 6086 290 54758 2937 492806 24648 4435238 273224 39917126 3575551 359254118 99628185 1 -160 380 1 -185 355 1 -216 320 1 -264 268 1 -349 183 1 -376 152 1146704451 1174424131 5790027 1363952979 5177344 1734949263 ffffffffffffffffffff CRYDCJ
GHJMQ i1 = 52  i2 = 27
729 264 86 88 6561 553 59049 2636 531441 28770 4782969 311125 1 659 876 1 583 798 1 505 718 4867911 1174424131 5790027 1363952979 5177344 -547781297 ffffffffffffffffffff GGJ
IJLOS i1 = 69  i2 = 8
1 141 505 4849731 1174424131 5790027 1363952979 5177344 116393544  C
GHJMQ i1 = 43  i2 = 4
19 31 31 145 23 1297 146 11665 774 1 47 326 1 38 317 1 -46 233 1 -98 181 1 -128 149 1 -137 138 0 -234 42 0 6 32 0 4 17 1497648196 1364412740 5767253 1363952979 5177344 -279866832 ffffffffff DLDYDISQU
HIKNR i1 = 91  i2 = 2
4 85 -70 1 -125 198 1 -167 152 1 -260 55 0 7 -3 0 5 -93 1480936791 1364394054 5767253 1363952979 5177344 887058463 f WMEXF
GHJMQ i1 = 42  i2 = 15
1 117 202 1 39 124 1 -26 56 5588565 1364394054 5767253 1363952979 5177344 83828476  UFU
CDFIM i1 = 5  i2 = 23
531 246 -64 -62 4761 160 42849 2327 385641 22739 3470769 237023 31236921 2916823 281132289 72461231 1 -27 215 1 -33 205 1 -48 188 1 -68 166 1 -91 139 1 -170 60 1 -191 38 0 8 -8 0 8 -28 0 8 -82 0 7 -93 0 6 -119 0 6 -195 0 5 -290 1146111317 1514623833 1497581658 1358974785 5177344 1892993924 ffffffffffffffffffff UEPDYSGZZHCYAO
JKMPT i1 = 38  i2 = 21
442 218 -128 -126 -124 -122 3970 -2 35722 967 321490 16198 2893402 178206 26040610 2238713 234365482 56755661 1 -217 150 1 -272 95 0 17 19 0 16 -6 0 15 -103 0 14 -131 0 12 -211 0 10 -214 0 9 -264 0 9 -305 0 9 -356 0 7 -397 0 6 -452 0 5 -495 1229998928 1364154952 1314475075 1358974032 5177344 -337266799 ffffffffffffffffffff PKPIHZOQCLYNPL
IJLOS i1 = 2  i2 = 28
784 146 57 59 7057 458 1 283 329 1 205 251 1 138 180 1 81 123 1 23 65 0 9 -3 0 8 -18 0 8 -46 0 8 -133 0 8 -232 0 7 -240 0 5 -336 0 4 -403 1297172296 1397969733 1497843781 1358954579 5177344 939808193 ffffffffffffff HGQMESSSEHGYS
ABDGK i1 = 62  i2 = 26
676 -16 85 6086 180 54758 2185 1 658 882 1 590 812 1 514 736 1 471 691 1 446 662 1 386 598 1 298 506 1 267 473 1 193 399 1 142 346 1 116 318 1414418761 1279611482 5326659 1358954579 5177344 1569049693 fffffffffffff IQNTZRELCGQ
BCEHL i1 = 92  i2 = 23
530 23 -4 4762 166 1 399 516 1414398027 1279611482 5326659 1358954579 5177344 722615462 ffff K
GHJMQ i1 = 74  i2 = 15
225 29 -53 -51 1 122 243 1 35 156 1 -4 113 4804953 1279611482 5326659 1358954579 5177344 216222886 f YQI
HIKNR i1 = 11  i2 = 15
225 14 2025 229 1 335 398 4784209 1279611482 5326659 1358954579 5177344 645868215 ffffffff Q
GHJMQ i1 = 96  i2 = 6
1 16 436 1 -39 381 1 -79 337 5200455 1279611482 5326659 1358954579 5177344 62405461  GZO
BCEHL i1 = 61  i2 = 27
731 -20 1 36 318 1 35 313 1 -32 242 4806985 1279611482 5326659 1358954579 5177344 1168097355 f IYI
FGILP i1 = 17  i2 = 18
324 26 95 1 829 909 1 804 884 1 707 785 1 617 695 1 563 637 1 469 539 1 431 497 1 386 452 1 362 428 1 298 364 1 294 358 1430603082 1448235352 5855322 1358954579 5177344 -56844899 fff JEEUXQRVZXY
GHJMQ i1 = 89  i2 = 10
101 59 -102 -100 900 -1 1 37 168 1 -39 90 1 -94 35 0 8 -64 0 8 -139 0 6 -223 0 5 -288 0 4 -326 0 4 -345 0 3 -366 1129928782 1482245466 20548 1358954579 5177344 -1385624723 ff NXYCZEYXDP
FGILP i1 = 1  i2 = 4
18 19 146 50 1298 138 11666 432 104978 5222 944786 54485 8503058 608492 1 -79 224 1 -165 134 1124095311 1482245466 20548 1358954579 5177344 -1373014340 ffffffffffffffffffff OU
IJLOS i1 = 88  i2 = 21
443 25 -4 3971 350 35723 1847 321491 18958 2893403 178502 26040611 2135417 234365483 55181497 1 11 542 1 -31 496 1 -101 424 1 -164 361 1 -165 356 1 -258 263 1 -293 228 1 -390 129 1 -399 118 1 -475 39 0 5 28 1279413571 1112824138 4673607 1358954579 5177344 538496224 ffffffffffffffffffff CMBLJYTBGPG
BCEHL i1 = 65  i2 = 22
484 -1 -102 1 331 457 1 313 439 1 308 434 1 254 376 1 189 309 1 146 266 1 143 259 1347178835 5131608 4673607 1358954579 5177344 -1280510106 f SQLPXMN
DEGJN i1 = 82  i2 = 4
16 70 144 47 1296 -13 11664 2 1 594 831 1347158105 5131608 4673607 1358954579 5177344 1080090953 ffffff Y
CDFIM i1 = 87  i2 = 14
1 469 917 1 370 818 1 294 740 1 253 697 1 242 682 1363957843 5111894 4673607 1358954579 5177344 -463886059  SXLQV
GHJMQ i1 = 90  i2 = 26
1 378 692 1 352 664 1 271 583 1 230 540 1 138 446 1 117 422 1 103 404 1297302351 5265485 4673607 1358954579 5177344 -629877242  OCSMMXP
CDFIM i1 = 40  i2 = 1
1 37 124 12 49 84 35 732 -7 1 653 926 1 580 851 1 492 761 1 482 749 1346848325 5265408 4673607 1358954579 5177344 866628480 ffff EFGP
GHJMQ i1 = 86  i2 = 13
169 47 36 38 40 1 352 602 1 324 572 1 312 558 1 236 482 1 166 408 1 106 344 1 60 298 1 10 244 1112556875 1363952969 4673536 1358954579 5177344 880090330 f KEPBIELQ
HIKNR i1 = 83  i2 = 24
576 11 -19 1 54 278 1 37 261 1 11 235 1 2 226 1 -31 191 1 -101 121 1 -110 112 0 7 19 0 7 17 0 5 -72 0 5 -103 0 5 -161 0 3 -180 1213748309 1380533849 1262832194 1358954579 5177344 -1313902640 f UTXHYFIRBJEKS
GHJMQ i1 = 54  i2 = 19
1 -54 292 1 -58 284 1 -114 226 1 -117 221 1213680198 1380533760 1262832194 1358954579 5177344 460294551  FJWH
DEGJN i1 = 29  i2 = 27
732 38 48 50 52 1 701 834 1 700 833 1 668 801 1 632 761 1 586 713 1 535 662 1 499 622 1515080008 5129302 1262832194 1358954579 5177344 -1202745511 fff HINZVDN
